2025-04-10 09:41:55 INFO  o.h.validator.internal.util.Version - HV000001: Hibernate Validator 8.0.1.Final
2025-04-10 09:41:55 INFO  com.skilladmin.DemoApplication - Starting DemoApplication using Java 22.0.2 with PID 12928 (C:\Users\panka\OneDrive\Desktop\Skillpilot_new\SkillAdmin\target\classes started by pankaj in C:\Users\panka\OneDrive\Desktop\Skillpilot_new\SkillAdmin)
2025-04-10 09:41:55 INFO  com.skilladmin.DemoApplication - No active profile set, falling back to 1 default profile: "default"
2025-04-10 09:41:55 INFO  o.s.b.d.restart.ChangeableUrls - The Class-Path manifest attribute in C:\Users\panka\.m2\repository\io\grpc\grpc-netty-shaded\1.38.0\grpc-netty-shaded-1.38.0.jar referenced one or more files that do not exist: file:/C:/Users/panka/.m2/repository/io/grpc/grpc-netty-shaded/1.38.0/grpc-core-1.38.0.jar,file:/C:/Users/panka/.m2/repository/io/grpc/grpc-netty-shaded/1.38.0/grpc-api-1.38.0.jar,file:/C:/Users/panka/.m2/repository/io/grpc/grpc-netty-shaded/1.38.0/gson-2.8.6.jar,file:/C:/Users/panka/.m2/repository/io/grpc/grpc-netty-shaded/1.38.0/annotations-4.1.1.4.jar,file:/C:/Users/panka/.m2/repository/io/grpc/grpc-netty-shaded/1.38.0/animal-sniffer-annotations-1.19.jar,file:/C:/Users/panka/.m2/repository/io/grpc/grpc-netty-shaded/1.38.0/error_prone_annotations-2.4.0.jar,file:/C:/Users/panka/.m2/repository/io/grpc/grpc-netty-shaded/1.38.0/guava-30.1-android.jar,file:/C:/Users/panka/.m2/repository/io/grpc/grpc-netty-shaded/1.38.0/perfmark-api-0.23.0.jar,file:/C:/Users/panka/.m2/repository/io/grpc/grpc-netty-shaded/1.38.0/jsr305-3.0.2.jar,file:/C:/Users/panka/.m2/repository/io/grpc/grpc-netty-shaded/1.38.0/grpc-context-1.38.0.jar,file:/C:/Users/panka/.m2/repository/io/grpc/grpc-netty-shaded/1.38.0/failureaccess-1.0.1.jar,file:/C:/Users/panka/.m2/repository/io/grpc/grpc-netty-shaded/1.38.0/listenablefuture-9999.0-empty-to-avoid-conflict-with-guava.jar,file:/C:/Users/panka/.m2/repository/io/grpc/grpc-netty-shaded/1.38.0/checker-compat-qual-2.5.5.jar,file:/C:/Users/panka/.m2/repository/io/grpc/grpc-netty-shaded/1.38.0/j2objc-annotations-1.3.jar
2025-04-10 09:41:55 INFO  o.s.b.d.restart.ChangeableUrls - The Class-Path manifest attribute in C:\Users\panka\.m2\repository\io\grpc\grpc-alts\1.38.0\grpc-alts-1.38.0.jar referenced one or more files that do not exist: file:/C:/Users/panka/.m2/repository/io/grpc/grpc-alts/1.38.0/grpc-auth-1.38.0.jar,file:/C:/Users/panka/.m2/repository/io/grpc/grpc-alts/1.38.0/grpc-grpclb-1.38.0.jar,file:/C:/Users/panka/.m2/repository/io/grpc/grpc-alts/1.38.0/grpc-protobuf-1.38.0.jar,file:/C:/Users/panka/.m2/repository/io/grpc/grpc-alts/1.38.0/grpc-stub-1.38.0.jar,file:/C:/Users/panka/.m2/repository/io/grpc/grpc-alts/1.38.0/protobuf-java-util-3.12.0.jar,file:/C:/Users/panka/.m2/repository/io/grpc/grpc-alts/1.38.0/protobuf-java-3.12.0.jar,file:/C:/Users/panka/.m2/repository/io/grpc/grpc-alts/1.38.0/conscrypt-openjdk-uber-2.5.1.jar,file:/C:/Users/panka/.m2/repository/io/grpc/grpc-alts/1.38.0/google-auth-library-oauth2-http-0.22.2.jar,file:/C:/Users/panka/.m2/repository/io/grpc/grpc-alts/1.38.0/grpc-netty-shaded-1.38.0.jar,file:/C:/Users/panka/.m2/repository/io/grpc/grpc-alts/1.38.0/grpc-core-1.38.0.jar,file:/C:/Users/panka/.m2/repository/io/grpc/grpc-alts/1.38.0/grpc-protobuf-lite-1.38.0.jar,file:/C:/Users/panka/.m2/repository/io/grpc/grpc-alts/1.38.0/grpc-api-1.38.0.jar,file:/C:/Users/panka/.m2/repository/io/grpc/grpc-alts/1.38.0/guava-30.1-android.jar,file:/C:/Users/panka/.m2/repository/io/grpc/grpc-alts/1.38.0/error_prone_annotations-2.4.0.jar,file:/C:/Users/panka/.m2/repository/io/grpc/grpc-alts/1.38.0/google-auth-library-credentials-0.22.2.jar,file:/C:/Users/panka/.m2/repository/io/grpc/grpc-alts/1.38.0/animal-sniffer-annotations-1.19.jar,file:/C:/Users/panka/.m2/repository/io/grpc/grpc-alts/1.38.0/google-http-client-jackson2-1.38.0.jar,file:/C:/Users/panka/.m2/repository/io/grpc/grpc-alts/1.38.0/google-http-client-1.38.0.jar,file:/C:/Users/panka/.m2/repository/io/grpc/grpc-alts/1.38.0/jsr305-3.0.2.jar,file:/C:/Users/panka/.m2/repository/io/grpc/grpc-alts/1.38.0/grpc-context-1.38.0.jar,file:/C:/Users/panka/.m2/repository/io/grpc/grpc-alts/1.38.0/opencensus-api-0.28.0.jar,file:/C:/Users/panka/.m2/repository/io/grpc/grpc-alts/1.38.0/proto-google-common-protos-2.0.1.jar,file:/C:/Users/panka/.m2/repository/io/grpc/grpc-alts/1.38.0/auto-value-annotations-1.7.4.jar,file:/C:/Users/panka/.m2/repository/io/grpc/grpc-alts/1.38.0/failureaccess-1.0.1.jar,file:/C:/Users/panka/.m2/repository/io/grpc/grpc-alts/1.38.0/listenablefuture-9999.0-empty-to-avoid-conflict-with-guava.jar,file:/C:/Users/panka/.m2/repository/io/grpc/grpc-alts/1.38.0/checker-compat-qual-2.5.5.jar,file:/C:/Users/panka/.m2/repository/io/grpc/grpc-alts/1.38.0/j2objc-annotations-1.3.jar,file:/C:/Users/panka/.m2/repository/io/grpc/grpc-alts/1.38.0/gson-2.8.6.jar,file:/C:/Users/panka/.m2/repository/io/grpc/grpc-alts/1.38.0/annotations-4.1.1.4.jar,file:/C:/Users/panka/.m2/repository/io/grpc/grpc-alts/1.38.0/perfmark-api-0.23.0.jar,file:/C:/Users/panka/.m2/repository/io/grpc/grpc-alts/1.38.0/httpclient-4.5.13.jar,file:/C:/Users/panka/.m2/repository/io/grpc/grpc-alts/1.38.0/httpcore-4.4.13.jar,file:/C:/Users/panka/.m2/repository/io/grpc/grpc-alts/1.38.0/opencensus-contrib-http-util-0.24.0.jar,file:/C:/Users/panka/.m2/repository/io/grpc/grpc-alts/1.38.0/jackson-core-2.11.3.jar,file:/C:/Users/panka/.m2/repository/io/grpc/grpc-alts/1.38.0/commons-logging-1.2.jar,file:/C:/Users/panka/.m2/repository/io/grpc/grpc-alts/1.38.0/commons-codec-1.11.jar
2025-04-10 09:41:55 INFO  o.s.b.d.e.DevToolsPropertyDefaultsPostProcessor - Devtools property defaults active! Set 'spring.devtools.add-properties' to 'false' to disable
2025-04-10 09:41:55 INFO  o.s.b.d.e.DevToolsPropertyDefaultsPostProcessor - For additional web related logging consider setting the 'logging.level.web' property to 'DEBUG'
2025-04-10 09:41:59 INFO  o.s.d.r.c.RepositoryConfigurationDelegate - Bootstrapping Spring Data JPA repositories in DEFAULT mode.
2025-04-10 09:42:00 INFO  o.s.d.r.c.RepositoryConfigurationDelegate - Finished Spring Data repository scanning in 651 ms. Found 55 JPA repository interfaces.
2025-04-10 09:42:00 WARN  o.s.c.s.PostProcessorRegistrationDelegate$BeanPostProcessorChecker - Bean 'org.springframework.ws.config.annotation.DelegatingWsConfiguration' of type [org.springframework.ws.config.annotation.DelegatingWsConfiguration$$SpringCGLIB$$0] is not eligible for getting processed by all BeanPostProcessors (for example: not eligible for auto-proxying). The currently created BeanPostProcessor [annotationActionEndpointMapping] is declared through a non-static factory method on that class; consider declaring it as static instead.
2025-04-10 09:42:01 INFO  o.s.w.s.a.s.AnnotationActionEndpointMapping - Supporting [WS-Addressing August 2004, WS-Addressing 1.0]
2025-04-10 09:42:01 INFO  o.s.b.w.e.tomcat.TomcatWebServer - Tomcat initialized with port 8081 (http)
2025-04-10 09:42:01 INFO  o.a.coyote.http11.Http11NioProtocol - Initializing ProtocolHandler ["http-nio-8081"]
2025-04-10 09:42:01 INFO  o.a.catalina.core.StandardService - Starting service [Tomcat]
2025-04-10 09:42:01 INFO  o.a.catalina.core.StandardEngine - Starting Servlet engine: [Apache Tomcat/10.1.24]
2025-04-10 09:42:02 INFO  o.a.c.c.C.[.[localhost].[/newskill] - Initializing Spring embedded WebApplicationContext
2025-04-10 09:42:02 INFO  o.s.b.w.s.c.ServletWebServerApplicationContext - Root WebApplicationContext: initialization completed in 6050 ms
2025-04-10 09:42:02 INFO  o.h.jpa.internal.util.LogHelper - HHH000204: Processing PersistenceUnitInfo [name: default]
2025-04-10 09:42:02 INFO  org.hibernate.Version - HHH000412: Hibernate ORM core version 6.5.2.Final
2025-04-10 09:42:02 INFO  o.h.c.i.RegionFactoryInitiator - HHH000026: Second-level cache disabled
2025-04-10 09:42:03 INFO  o.s.o.j.p.SpringPersistenceUnitInfo - No LoadTimeWeaver setup: ignoring JPA class transformer
2025-04-10 09:42:03 INFO  com.zaxxer.hikari.HikariDataSource - HikariPool-1 - Starting...
2025-04-10 09:42:04 INFO  com.zaxxer.hikari.pool.HikariPool - HikariPool-1 - Added connection com.mysql.cj.jdbc.ConnectionImpl@3a45b866
2025-04-10 09:42:04 INFO  com.zaxxer.hikari.HikariDataSource - HikariPool-1 - Start completed.
2025-04-10 09:42:04 WARN  org.hibernate.orm.deprecation - HHH90000025: MySQL8Dialect does not need to be specified explicitly using 'hibernate.dialect' (remove the property setting and it will be selected by default)
2025-04-10 09:42:04 WARN  org.hibernate.orm.deprecation - HHH90000026: MySQL8Dialect has been deprecated; use org.hibernate.dialect.MySQLDialect instead
2025-04-10 09:42:08 INFO  o.h.e.t.j.p.i.JtaPlatformInitiator - HHH000489: No JTA platform available (set 'hibernate.transaction.jta.platform' to enable JTA platform integration)
2025-04-10 09:42:08 DEBUG org.hibernate.SQL - 
    alter table advertisements_comp 
       modify column description TEXT
2025-04-10 09:42:08 DEBUG org.hibernate.SQL - 
    alter table assessment_test 
       modify column status bit not null
2025-04-10 09:42:09 DEBUG org.hibernate.SQL - 
    alter table college_data4 
       modify column logo mediumblob
2025-04-10 09:42:09 DEBUG org.hibernate.SQL - 
    alter table company_data2 
       modify column about LONGTEXT
2025-04-10 09:42:09 DEBUG org.hibernate.SQL - 
    alter table company_data2 
       modify column logo mediumblob
2025-04-10 09:42:09 DEBUG org.hibernate.SQL - 
    alter table company_drive 
       modify column job_description text
2025-04-10 09:42:09 DEBUG org.hibernate.SQL - 
    alter table packages_data 
       modify column creation_date datetime(6)
2025-04-10 09:42:09 DEBUG org.hibernate.SQL - 
    alter table packages_data 
       modify column effective_date datetime(6)
2025-04-10 09:42:10 DEBUG org.hibernate.SQL - 
    alter table packages_data 
       modify column expiration_date datetime(6)
2025-04-10 09:42:10 DEBUG org.hibernate.SQL - 
    alter table packages_data 
       modify column updation_date datetime(6)
2025-04-10 09:42:10 DEBUG org.hibernate.SQL - 
    alter table question 
       modify column question_text TEXT
2025-04-10 09:42:10 DEBUG org.hibernate.SQL - 
    alter table rating 
       modify column suggestion TEXT
2025-04-10 09:42:10 DEBUG org.hibernate.SQL - 
    alter table recruitment_details 
       modify column job_description text
2025-04-10 09:42:10 DEBUG org.hibernate.SQL - 
    alter table student_data 
       modify column photo mediumblob
2025-04-10 09:42:11 DEBUG org.hibernate.SQL - 
    alter table trainee_payment_details 
       modify column pdf mediumblob
2025-04-10 09:42:11 DEBUG org.hibernate.SQL - 
    alter table trainee_student_material 
       modify column college_id bigint
2025-04-10 09:42:11 DEBUG org.hibernate.SQL - 
    alter table user 
       modify column signature mediumblob
2025-04-10 09:42:14 INFO  o.s.o.j.LocalContainerEntityManagerFactoryBean - Initialized JPA EntityManagerFactory for persistence unit 'default'
2025-04-10 09:42:15 INFO  o.s.d.j.r.query.QueryEnhancerFactory - Hibernate is in classpath; If applicable, HQL parser will be used.
2025-04-10 09:42:17 INFO  o.s.s.c.a.a.c.InitializeAuthenticationProviderBeanManagerConfigurer$InitializeAuthenticationProviderManagerConfigurer - Global AuthenticationManager configured with AuthenticationProvider bean with name authenticationProvider
2025-04-10 09:42:17 WARN  o.s.s.c.a.a.c.InitializeUserDetailsBeanManagerConfigurer$InitializeUserDetailsManagerConfigurer - Global AuthenticationManager configured with an AuthenticationProvider bean. UserDetailsService beans will not be used for username/password login. Consider removing the AuthenticationProvider bean. Alternatively, consider using the UserDetailsService in a manually instantiated DaoAuthenticationProvider.
2025-04-10 09:42:19 WARN  o.s.b.a.o.j.JpaBaseConfiguration$JpaWebConfiguration - spring.jpa.open-in-view is enabled by default. Therefore, database queries may be performed during view rendering. Explicitly configure spring.jpa.open-in-view to disable this warning
2025-04-10 09:42:20 INFO  o.s.s.web.DefaultSecurityFilterChain - Will secure any request with [org.springframework.security.web.session.DisableEncodeUrlFilter@7ba40d22, org.springframework.security.web.context.request.async.WebAsyncManagerIntegrationFilter@2c533e78, org.springframework.security.web.context.SecurityContextHolderFilter@10697e99, org.springframework.security.web.header.HeaderWriterFilter@18c83bd2, org.springframework.web.filter.CorsFilter@571694c7, org.springframework.security.web.authentication.logout.LogoutFilter@4b04c88a, com.skilladmin.config.Jwtvalidator@5a9b6e26, org.springframework.security.web.savedrequest.RequestCacheAwareFilter@16b7df88, org.springframework.security.web.servletapi.SecurityContextHolderAwareRequestFilter@33d50529, org.springframework.security.web.authentication.AnonymousAuthenticationFilter@242a9cb6, org.springframework.security.web.session.SessionManagementFilter@592184eb, org.springframework.security.web.access.ExceptionTranslationFilter@30509681, org.springframework.security.web.access.intercept.AuthorizationFilter@7b459ca2]
2025-04-10 09:42:21 INFO  o.s.b.d.a.OptionalLiveReloadServer - LiveReload server is running on port 35729
2025-04-10 09:42:21 INFO  o.a.coyote.http11.Http11NioProtocol - Starting ProtocolHandler ["http-nio-8081"]
2025-04-10 09:42:21 INFO  o.s.b.w.e.tomcat.TomcatWebServer - Tomcat started on port 8081 (http) with context path '/newskill'
2025-04-10 09:42:21 INFO  com.skilladmin.DemoApplication - Started DemoApplication in 27.128 seconds (process running for 41.639)
2025-04-10 09:46:15 INFO  o.s.b.d.a.LocalDevToolsAutoConfiguration$RestartingClassPathChangeChangedEventListener - Restarting due to 1 class path change (0 additions, 1 deletion, 0 modifications)
2025-04-10 09:46:15 INFO  o.a.coyote.http11.Http11NioProtocol - Stopping ProtocolHandler ["http-nio-8081"]
2025-04-10 09:46:15 INFO  o.s.o.j.LocalContainerEntityManagerFactoryBean - Closing JPA EntityManagerFactory for persistence unit 'default'
2025-04-10 09:46:15 INFO  com.zaxxer.hikari.HikariDataSource - HikariPool-1 - Shutdown initiated...
2025-04-10 09:46:15 INFO  com.zaxxer.hikari.HikariDataSource - HikariPool-1 - Shutdown completed.
2025-04-10 09:46:15 INFO  com.skilladmin.DemoApplication - Starting DemoApplication using Java 22.0.2 with PID 12928 (C:\Users\panka\OneDrive\Desktop\Skillpilot_new\SkillAdmin\target\classes started by pankaj in C:\Users\panka\OneDrive\Desktop\Skillpilot_new\SkillAdmin)
2025-04-10 09:46:15 INFO  com.skilladmin.DemoApplication - No active profile set, falling back to 1 default profile: "default"
2025-04-10 09:46:16 INFO  o.s.d.r.c.RepositoryConfigurationDelegate - Bootstrapping Spring Data JPA repositories in DEFAULT mode.
2025-04-10 09:46:17 INFO  o.s.d.r.c.RepositoryConfigurationDelegate - Finished Spring Data repository scanning in 380 ms. Found 55 JPA repository interfaces.
2025-04-10 09:46:17 WARN  o.s.c.s.PostProcessorRegistrationDelegate$BeanPostProcessorChecker - Bean 'org.springframework.ws.config.annotation.DelegatingWsConfiguration' of type [org.springframework.ws.config.annotation.DelegatingWsConfiguration$$SpringCGLIB$$0] is not eligible for getting processed by all BeanPostProcessors (for example: not eligible for auto-proxying). The currently created BeanPostProcessor [annotationActionEndpointMapping] is declared through a non-static factory method on that class; consider declaring it as static instead.
2025-04-10 09:46:17 INFO  o.s.w.s.a.s.AnnotationActionEndpointMapping - Supporting [WS-Addressing August 2004, WS-Addressing 1.0]
2025-04-10 09:46:17 INFO  o.s.b.w.e.tomcat.TomcatWebServer - Tomcat initialized with port 8081 (http)
2025-04-10 09:46:17 INFO  o.a.coyote.http11.Http11NioProtocol - Initializing ProtocolHandler ["http-nio-8081"]
2025-04-10 09:46:17 INFO  o.a.catalina.core.StandardService - Starting service [Tomcat]
2025-04-10 09:46:17 INFO  o.a.catalina.core.StandardEngine - Starting Servlet engine: [Apache Tomcat/10.1.24]
2025-04-10 09:46:17 INFO  o.a.c.c.C.[.[localhost].[/newskill] - Initializing Spring embedded WebApplicationContext
2025-04-10 09:46:17 INFO  o.s.b.w.s.c.ServletWebServerApplicationContext - Root WebApplicationContext: initialization completed in 2009 ms
2025-04-10 09:46:17 INFO  o.h.jpa.internal.util.LogHelper - HHH000204: Processing PersistenceUnitInfo [name: default]
2025-04-10 09:46:17 INFO  o.h.c.i.RegionFactoryInitiator - HHH000026: Second-level cache disabled
2025-04-10 09:46:17 INFO  o.s.o.j.p.SpringPersistenceUnitInfo - No LoadTimeWeaver setup: ignoring JPA class transformer
2025-04-10 09:46:17 INFO  com.zaxxer.hikari.HikariDataSource - HikariPool-2 - Starting...
2025-04-10 09:46:18 INFO  com.zaxxer.hikari.pool.HikariPool - HikariPool-2 - Added connection com.mysql.cj.jdbc.ConnectionImpl@7bb1a662
2025-04-10 09:46:18 INFO  com.zaxxer.hikari.HikariDataSource - HikariPool-2 - Start completed.
2025-04-10 09:46:18 WARN  org.hibernate.orm.deprecation - HHH90000025: MySQL8Dialect does not need to be specified explicitly using 'hibernate.dialect' (remove the property setting and it will be selected by default)
2025-04-10 09:46:18 WARN  org.hibernate.orm.deprecation - HHH90000026: MySQL8Dialect has been deprecated; use org.hibernate.dialect.MySQLDialect instead
2025-04-10 09:46:20 INFO  o.h.e.t.j.p.i.JtaPlatformInitiator - HHH000489: No JTA platform available (set 'hibernate.transaction.jta.platform' to enable JTA platform integration)
2025-04-10 09:46:20 DEBUG org.hibernate.SQL - 
    alter table advertisements_comp 
       modify column description TEXT
2025-04-10 09:46:20 DEBUG org.hibernate.SQL - 
    alter table college_data4 
       modify column logo mediumblob
2025-04-10 09:46:21 DEBUG org.hibernate.SQL - 
    alter table company_data2 
       modify column about LONGTEXT
2025-04-10 09:46:21 DEBUG org.hibernate.SQL - 
    alter table company_data2 
       modify column logo mediumblob
2025-04-10 09:46:21 DEBUG org.hibernate.SQL - 
    alter table company_drive 
       modify column job_description text
2025-04-10 09:46:21 DEBUG org.hibernate.SQL - 
    alter table question 
       modify column question_text TEXT
2025-04-10 09:46:21 DEBUG org.hibernate.SQL - 
    alter table rating 
       modify column suggestion TEXT
2025-04-10 09:46:21 DEBUG org.hibernate.SQL - 
    alter table recruitment_details 
       modify column job_description text
2025-04-10 09:46:21 DEBUG org.hibernate.SQL - 
    alter table student_data 
       modify column photo mediumblob
2025-04-10 09:46:21 DEBUG org.hibernate.SQL - 
    alter table trainee_payment_details 
       modify column pdf mediumblob
2025-04-10 09:46:21 DEBUG org.hibernate.SQL - 
    alter table user 
       modify column signature mediumblob
2025-04-10 09:46:24 INFO  o.s.o.j.LocalContainerEntityManagerFactoryBean - Initialized JPA EntityManagerFactory for persistence unit 'default'
2025-04-10 09:46:26 INFO  o.s.s.c.a.a.c.InitializeAuthenticationProviderBeanManagerConfigurer$InitializeAuthenticationProviderManagerConfigurer - Global AuthenticationManager configured with AuthenticationProvider bean with name authenticationProvider
2025-04-10 09:46:26 WARN  o.s.s.c.a.a.c.InitializeUserDetailsBeanManagerConfigurer$InitializeUserDetailsManagerConfigurer - Global AuthenticationManager configured with an AuthenticationProvider bean. UserDetailsService beans will not be used for username/password login. Consider removing the AuthenticationProvider bean. Alternatively, consider using the UserDetailsService in a manually instantiated DaoAuthenticationProvider.
2025-04-10 09:46:27 WARN  o.s.b.a.o.j.JpaBaseConfiguration$JpaWebConfiguration - spring.jpa.open-in-view is enabled by default. Therefore, database queries may be performed during view rendering. Explicitly configure spring.jpa.open-in-view to disable this warning
2025-04-10 09:46:28 INFO  o.s.s.web.DefaultSecurityFilterChain - Will secure any request with [org.springframework.security.web.session.DisableEncodeUrlFilter@2753820a, org.springframework.security.web.context.request.async.WebAsyncManagerIntegrationFilter@2d372351, org.springframework.security.web.context.SecurityContextHolderFilter@390dd87f, org.springframework.security.web.header.HeaderWriterFilter@367defb5, org.springframework.web.filter.CorsFilter@761cb2b7, org.springframework.security.web.authentication.logout.LogoutFilter@26358b6a, com.skilladmin.config.Jwtvalidator@42399365, org.springframework.security.web.savedrequest.RequestCacheAwareFilter@75545c64, org.springframework.security.web.servletapi.SecurityContextHolderAwareRequestFilter@2c8d053c, org.springframework.security.web.authentication.AnonymousAuthenticationFilter@6b6e7090, org.springframework.security.web.session.SessionManagementFilter@73c5c72a, org.springframework.security.web.access.ExceptionTranslationFilter@4f2066bc, org.springframework.security.web.access.intercept.AuthorizationFilter@35350b57]
2025-04-10 09:46:28 INFO  o.s.b.d.a.OptionalLiveReloadServer - LiveReload server is running on port 35729
2025-04-10 09:46:28 INFO  o.a.coyote.http11.Http11NioProtocol - Starting ProtocolHandler ["http-nio-8081"]
2025-04-10 09:46:28 INFO  o.s.b.w.e.tomcat.TomcatWebServer - Tomcat started on port 8081 (http) with context path '/newskill'
2025-04-10 09:46:28 INFO  com.skilladmin.DemoApplication - Started DemoApplication in 12.833 seconds (process running for 288.771)
2025-04-10 09:46:28 INFO  o.s.b.d.a.ConditionEvaluationDeltaLoggingListener - Condition evaluation unchanged
2025-04-10 09:46:29 INFO  o.s.b.d.a.LocalDevToolsAutoConfiguration$RestartingClassPathChangeChangedEventListener - Restarting due to 1 class path change (1 addition, 0 deletions, 0 modifications)
2025-04-10 09:46:29 INFO  o.a.coyote.http11.Http11NioProtocol - Stopping ProtocolHandler ["http-nio-8081"]
2025-04-10 09:46:29 INFO  o.s.o.j.LocalContainerEntityManagerFactoryBean - Closing JPA EntityManagerFactory for persistence unit 'default'
2025-04-10 09:46:29 INFO  com.zaxxer.hikari.HikariDataSource - HikariPool-2 - Shutdown initiated...
2025-04-10 09:46:30 INFO  com.zaxxer.hikari.HikariDataSource - HikariPool-2 - Shutdown completed.
2025-04-10 09:46:30 INFO  com.skilladmin.DemoApplication - Starting DemoApplication using Java 22.0.2 with PID 12928 (C:\Users\panka\OneDrive\Desktop\Skillpilot_new\SkillAdmin\target\classes started by pankaj in C:\Users\panka\OneDrive\Desktop\Skillpilot_new\SkillAdmin)
2025-04-10 09:46:30 INFO  com.skilladmin.DemoApplication - No active profile set, falling back to 1 default profile: "default"
2025-04-10 09:46:31 INFO  o.s.d.r.c.RepositoryConfigurationDelegate - Bootstrapping Spring Data JPA repositories in DEFAULT mode.
2025-04-10 09:46:31 INFO  o.s.d.r.c.RepositoryConfigurationDelegate - Finished Spring Data repository scanning in 315 ms. Found 55 JPA repository interfaces.
2025-04-10 09:46:31 WARN  o.s.c.s.PostProcessorRegistrationDelegate$BeanPostProcessorChecker - Bean 'org.springframework.ws.config.annotation.DelegatingWsConfiguration' of type [org.springframework.ws.config.annotation.DelegatingWsConfiguration$$SpringCGLIB$$0] is not eligible for getting processed by all BeanPostProcessors (for example: not eligible for auto-proxying). The currently created BeanPostProcessor [annotationActionEndpointMapping] is declared through a non-static factory method on that class; consider declaring it as static instead.
2025-04-10 09:46:31 INFO  o.s.w.s.a.s.AnnotationActionEndpointMapping - Supporting [WS-Addressing August 2004, WS-Addressing 1.0]
2025-04-10 09:46:32 INFO  o.s.b.w.e.tomcat.TomcatWebServer - Tomcat initialized with port 8081 (http)
2025-04-10 09:46:32 INFO  o.a.coyote.http11.Http11NioProtocol - Initializing ProtocolHandler ["http-nio-8081"]
2025-04-10 09:46:32 INFO  o.a.catalina.core.StandardService - Starting service [Tomcat]
2025-04-10 09:46:32 INFO  o.a.catalina.core.StandardEngine - Starting Servlet engine: [Apache Tomcat/10.1.24]
2025-04-10 09:46:32 INFO  o.a.c.c.C.[.[localhost].[/newskill] - Initializing Spring embedded WebApplicationContext
2025-04-10 09:46:32 INFO  o.s.b.w.s.c.ServletWebServerApplicationContext - Root WebApplicationContext: initialization completed in 1547 ms
2025-04-10 09:46:32 INFO  o.h.jpa.internal.util.LogHelper - HHH000204: Processing PersistenceUnitInfo [name: default]
2025-04-10 09:46:32 INFO  o.h.c.i.RegionFactoryInitiator - HHH000026: Second-level cache disabled
2025-04-10 09:46:32 INFO  o.s.o.j.p.SpringPersistenceUnitInfo - No LoadTimeWeaver setup: ignoring JPA class transformer
2025-04-10 09:46:32 INFO  com.zaxxer.hikari.HikariDataSource - HikariPool-3 - Starting...
2025-04-10 09:46:32 INFO  com.zaxxer.hikari.pool.HikariPool - HikariPool-3 - Added connection com.mysql.cj.jdbc.ConnectionImpl@385d5f7e
2025-04-10 09:46:32 INFO  com.zaxxer.hikari.HikariDataSource - HikariPool-3 - Start completed.
2025-04-10 09:46:32 WARN  org.hibernate.orm.deprecation - HHH90000025: MySQL8Dialect does not need to be specified explicitly using 'hibernate.dialect' (remove the property setting and it will be selected by default)
2025-04-10 09:46:32 WARN  org.hibernate.orm.deprecation - HHH90000026: MySQL8Dialect has been deprecated; use org.hibernate.dialect.MySQLDialect instead
2025-04-10 09:46:34 INFO  o.h.e.t.j.p.i.JtaPlatformInitiator - HHH000489: No JTA platform available (set 'hibernate.transaction.jta.platform' to enable JTA platform integration)
2025-04-10 09:46:34 DEBUG org.hibernate.SQL - 
    alter table advertisements_comp 
       modify column description TEXT
2025-04-10 09:46:34 DEBUG org.hibernate.SQL - 
    alter table college_data4 
       modify column logo mediumblob
2025-04-10 09:46:34 DEBUG org.hibernate.SQL - 
    alter table company_data2 
       modify column about LONGTEXT
2025-04-10 09:46:34 DEBUG org.hibernate.SQL - 
    alter table company_data2 
       modify column logo mediumblob
2025-04-10 09:46:34 DEBUG org.hibernate.SQL - 
    alter table company_drive 
       modify column job_description text
2025-04-10 09:46:34 DEBUG org.hibernate.SQL - 
    alter table question 
       modify column question_text TEXT
2025-04-10 09:46:34 DEBUG org.hibernate.SQL - 
    alter table rating 
       modify column suggestion TEXT
2025-04-10 09:46:34 DEBUG org.hibernate.SQL - 
    alter table recruitment_details 
       modify column job_description text
2025-04-10 09:46:34 DEBUG org.hibernate.SQL - 
    alter table student_data 
       modify column photo mediumblob
2025-04-10 09:46:34 DEBUG org.hibernate.SQL - 
    alter table trainee_payment_details 
       modify column pdf mediumblob
2025-04-10 09:46:34 DEBUG org.hibernate.SQL - 
    alter table user 
       modify column signature mediumblob
2025-04-10 09:46:36 INFO  o.s.o.j.LocalContainerEntityManagerFactoryBean - Initialized JPA EntityManagerFactory for persistence unit 'default'
2025-04-10 09:46:37 INFO  o.s.s.c.a.a.c.InitializeAuthenticationProviderBeanManagerConfigurer$InitializeAuthenticationProviderManagerConfigurer - Global AuthenticationManager configured with AuthenticationProvider bean with name authenticationProvider
2025-04-10 09:46:37 WARN  o.s.s.c.a.a.c.InitializeUserDetailsBeanManagerConfigurer$InitializeUserDetailsManagerConfigurer - Global AuthenticationManager configured with an AuthenticationProvider bean. UserDetailsService beans will not be used for username/password login. Consider removing the AuthenticationProvider bean. Alternatively, consider using the UserDetailsService in a manually instantiated DaoAuthenticationProvider.
2025-04-10 09:46:37 WARN  o.s.b.a.o.j.JpaBaseConfiguration$JpaWebConfiguration - spring.jpa.open-in-view is enabled by default. Therefore, database queries may be performed during view rendering. Explicitly configure spring.jpa.open-in-view to disable this warning
2025-04-10 09:46:37 INFO  o.s.s.web.DefaultSecurityFilterChain - Will secure any request with [org.springframework.security.web.session.DisableEncodeUrlFilter@340a5696, org.springframework.security.web.context.request.async.WebAsyncManagerIntegrationFilter@30158f8a, org.springframework.security.web.context.SecurityContextHolderFilter@9817977, org.springframework.security.web.header.HeaderWriterFilter@6c62489e, org.springframework.web.filter.CorsFilter@195f7b1e, org.springframework.security.web.authentication.logout.LogoutFilter@4c790c59, com.skilladmin.config.Jwtvalidator@4a870ff0, org.springframework.security.web.savedrequest.RequestCacheAwareFilter@62bfcea7, org.springframework.security.web.servletapi.SecurityContextHolderAwareRequestFilter@1ce74cd6, org.springframework.security.web.authentication.AnonymousAuthenticationFilter@2d961b03, org.springframework.security.web.session.SessionManagementFilter@392d7526, org.springframework.security.web.access.ExceptionTranslationFilter@20097b83, org.springframework.security.web.access.intercept.AuthorizationFilter@76884eb8]
2025-04-10 09:46:38 INFO  o.s.b.d.a.OptionalLiveReloadServer - LiveReload server is running on port 35729
2025-04-10 09:46:38 INFO  o.a.coyote.http11.Http11NioProtocol - Starting ProtocolHandler ["http-nio-8081"]
2025-04-10 09:46:38 INFO  o.s.b.w.e.tomcat.TomcatWebServer - Tomcat started on port 8081 (http) with context path '/newskill'
2025-04-10 09:46:38 INFO  com.skilladmin.DemoApplication - Started DemoApplication in 7.683 seconds (process running for 298.485)
2025-04-10 09:46:38 INFO  o.s.b.d.a.ConditionEvaluationDeltaLoggingListener - Condition evaluation unchanged
2025-04-10 09:58:32 INFO  o.s.o.j.LocalContainerEntityManagerFactoryBean - Closing JPA EntityManagerFactory for persistence unit 'default'
2025-04-10 09:58:32 INFO  com.zaxxer.hikari.HikariDataSource - HikariPool-3 - Shutdown initiated...
2025-04-10 09:58:32 INFO  com.zaxxer.hikari.HikariDataSource - HikariPool-3 - Shutdown completed.
2025-04-10 09:58:43 INFO  o.h.validator.internal.util.Version - HV000001: Hibernate Validator 8.0.1.Final
2025-04-10 09:58:43 INFO  com.skilladmin.DemoApplication - Starting DemoApplication using Java 22.0.2 with PID 13468 (C:\Users\panka\OneDrive\Desktop\Skillpilot_new\SkillAdmin\target\classes started by pankaj in C:\Users\panka\OneDrive\Desktop\Skillpilot_new\SkillAdmin)
2025-04-10 09:58:43 INFO  com.skilladmin.DemoApplication - No active profile set, falling back to 1 default profile: "default"
2025-04-10 09:58:43 INFO  o.s.b.d.restart.ChangeableUrls - The Class-Path manifest attribute in C:\Users\panka\.m2\repository\io\grpc\grpc-netty-shaded\1.38.0\grpc-netty-shaded-1.38.0.jar referenced one or more files that do not exist: file:/C:/Users/panka/.m2/repository/io/grpc/grpc-netty-shaded/1.38.0/grpc-core-1.38.0.jar,file:/C:/Users/panka/.m2/repository/io/grpc/grpc-netty-shaded/1.38.0/grpc-api-1.38.0.jar,file:/C:/Users/panka/.m2/repository/io/grpc/grpc-netty-shaded/1.38.0/gson-2.8.6.jar,file:/C:/Users/panka/.m2/repository/io/grpc/grpc-netty-shaded/1.38.0/annotations-4.1.1.4.jar,file:/C:/Users/panka/.m2/repository/io/grpc/grpc-netty-shaded/1.38.0/animal-sniffer-annotations-1.19.jar,file:/C:/Users/panka/.m2/repository/io/grpc/grpc-netty-shaded/1.38.0/error_prone_annotations-2.4.0.jar,file:/C:/Users/panka/.m2/repository/io/grpc/grpc-netty-shaded/1.38.0/guava-30.1-android.jar,file:/C:/Users/panka/.m2/repository/io/grpc/grpc-netty-shaded/1.38.0/perfmark-api-0.23.0.jar,file:/C:/Users/panka/.m2/repository/io/grpc/grpc-netty-shaded/1.38.0/jsr305-3.0.2.jar,file:/C:/Users/panka/.m2/repository/io/grpc/grpc-netty-shaded/1.38.0/grpc-context-1.38.0.jar,file:/C:/Users/panka/.m2/repository/io/grpc/grpc-netty-shaded/1.38.0/failureaccess-1.0.1.jar,file:/C:/Users/panka/.m2/repository/io/grpc/grpc-netty-shaded/1.38.0/listenablefuture-9999.0-empty-to-avoid-conflict-with-guava.jar,file:/C:/Users/panka/.m2/repository/io/grpc/grpc-netty-shaded/1.38.0/checker-compat-qual-2.5.5.jar,file:/C:/Users/panka/.m2/repository/io/grpc/grpc-netty-shaded/1.38.0/j2objc-annotations-1.3.jar
2025-04-10 09:58:43 INFO  o.s.b.d.restart.ChangeableUrls - The Class-Path manifest attribute in C:\Users\panka\.m2\repository\io\grpc\grpc-alts\1.38.0\grpc-alts-1.38.0.jar referenced one or more files that do not exist: file:/C:/Users/panka/.m2/repository/io/grpc/grpc-alts/1.38.0/grpc-auth-1.38.0.jar,file:/C:/Users/panka/.m2/repository/io/grpc/grpc-alts/1.38.0/grpc-grpclb-1.38.0.jar,file:/C:/Users/panka/.m2/repository/io/grpc/grpc-alts/1.38.0/grpc-protobuf-1.38.0.jar,file:/C:/Users/panka/.m2/repository/io/grpc/grpc-alts/1.38.0/grpc-stub-1.38.0.jar,file:/C:/Users/panka/.m2/repository/io/grpc/grpc-alts/1.38.0/protobuf-java-util-3.12.0.jar,file:/C:/Users/panka/.m2/repository/io/grpc/grpc-alts/1.38.0/protobuf-java-3.12.0.jar,file:/C:/Users/panka/.m2/repository/io/grpc/grpc-alts/1.38.0/conscrypt-openjdk-uber-2.5.1.jar,file:/C:/Users/panka/.m2/repository/io/grpc/grpc-alts/1.38.0/google-auth-library-oauth2-http-0.22.2.jar,file:/C:/Users/panka/.m2/repository/io/grpc/grpc-alts/1.38.0/grpc-netty-shaded-1.38.0.jar,file:/C:/Users/panka/.m2/repository/io/grpc/grpc-alts/1.38.0/grpc-core-1.38.0.jar,file:/C:/Users/panka/.m2/repository/io/grpc/grpc-alts/1.38.0/grpc-protobuf-lite-1.38.0.jar,file:/C:/Users/panka/.m2/repository/io/grpc/grpc-alts/1.38.0/grpc-api-1.38.0.jar,file:/C:/Users/panka/.m2/repository/io/grpc/grpc-alts/1.38.0/guava-30.1-android.jar,file:/C:/Users/panka/.m2/repository/io/grpc/grpc-alts/1.38.0/error_prone_annotations-2.4.0.jar,file:/C:/Users/panka/.m2/repository/io/grpc/grpc-alts/1.38.0/google-auth-library-credentials-0.22.2.jar,file:/C:/Users/panka/.m2/repository/io/grpc/grpc-alts/1.38.0/animal-sniffer-annotations-1.19.jar,file:/C:/Users/panka/.m2/repository/io/grpc/grpc-alts/1.38.0/google-http-client-jackson2-1.38.0.jar,file:/C:/Users/panka/.m2/repository/io/grpc/grpc-alts/1.38.0/google-http-client-1.38.0.jar,file:/C:/Users/panka/.m2/repository/io/grpc/grpc-alts/1.38.0/jsr305-3.0.2.jar,file:/C:/Users/panka/.m2/repository/io/grpc/grpc-alts/1.38.0/grpc-context-1.38.0.jar,file:/C:/Users/panka/.m2/repository/io/grpc/grpc-alts/1.38.0/opencensus-api-0.28.0.jar,file:/C:/Users/panka/.m2/repository/io/grpc/grpc-alts/1.38.0/proto-google-common-protos-2.0.1.jar,file:/C:/Users/panka/.m2/repository/io/grpc/grpc-alts/1.38.0/auto-value-annotations-1.7.4.jar,file:/C:/Users/panka/.m2/repository/io/grpc/grpc-alts/1.38.0/failureaccess-1.0.1.jar,file:/C:/Users/panka/.m2/repository/io/grpc/grpc-alts/1.38.0/listenablefuture-9999.0-empty-to-avoid-conflict-with-guava.jar,file:/C:/Users/panka/.m2/repository/io/grpc/grpc-alts/1.38.0/checker-compat-qual-2.5.5.jar,file:/C:/Users/panka/.m2/repository/io/grpc/grpc-alts/1.38.0/j2objc-annotations-1.3.jar,file:/C:/Users/panka/.m2/repository/io/grpc/grpc-alts/1.38.0/gson-2.8.6.jar,file:/C:/Users/panka/.m2/repository/io/grpc/grpc-alts/1.38.0/annotations-4.1.1.4.jar,file:/C:/Users/panka/.m2/repository/io/grpc/grpc-alts/1.38.0/perfmark-api-0.23.0.jar,file:/C:/Users/panka/.m2/repository/io/grpc/grpc-alts/1.38.0/httpclient-4.5.13.jar,file:/C:/Users/panka/.m2/repository/io/grpc/grpc-alts/1.38.0/httpcore-4.4.13.jar,file:/C:/Users/panka/.m2/repository/io/grpc/grpc-alts/1.38.0/opencensus-contrib-http-util-0.24.0.jar,file:/C:/Users/panka/.m2/repository/io/grpc/grpc-alts/1.38.0/jackson-core-2.11.3.jar,file:/C:/Users/panka/.m2/repository/io/grpc/grpc-alts/1.38.0/commons-logging-1.2.jar,file:/C:/Users/panka/.m2/repository/io/grpc/grpc-alts/1.38.0/commons-codec-1.11.jar
2025-04-10 09:58:43 INFO  o.s.b.d.e.DevToolsPropertyDefaultsPostProcessor - Devtools property defaults active! Set 'spring.devtools.add-properties' to 'false' to disable
2025-04-10 09:58:43 INFO  o.s.b.d.e.DevToolsPropertyDefaultsPostProcessor - For additional web related logging consider setting the 'logging.level.web' property to 'DEBUG'
2025-04-10 09:58:46 INFO  o.s.d.r.c.RepositoryConfigurationDelegate - Bootstrapping Spring Data JPA repositories in DEFAULT mode.
2025-04-10 09:58:47 INFO  o.s.d.r.c.RepositoryConfigurationDelegate - Finished Spring Data repository scanning in 777 ms. Found 55 JPA repository interfaces.
2025-04-10 09:58:48 WARN  o.s.c.s.PostProcessorRegistrationDelegate$BeanPostProcessorChecker - Bean 'org.springframework.ws.config.annotation.DelegatingWsConfiguration' of type [org.springframework.ws.config.annotation.DelegatingWsConfiguration$$SpringCGLIB$$0] is not eligible for getting processed by all BeanPostProcessors (for example: not eligible for auto-proxying). The currently created BeanPostProcessor [annotationActionEndpointMapping] is declared through a non-static factory method on that class; consider declaring it as static instead.
2025-04-10 09:58:48 INFO  o.s.w.s.a.s.AnnotationActionEndpointMapping - Supporting [WS-Addressing August 2004, WS-Addressing 1.0]
2025-04-10 09:58:49 INFO  o.s.b.w.e.tomcat.TomcatWebServer - Tomcat initialized with port 8081 (http)
2025-04-10 09:58:49 INFO  o.a.coyote.http11.Http11NioProtocol - Initializing ProtocolHandler ["http-nio-8081"]
2025-04-10 09:58:49 INFO  o.a.catalina.core.StandardService - Starting service [Tomcat]
2025-04-10 09:58:49 INFO  o.a.catalina.core.StandardEngine - Starting Servlet engine: [Apache Tomcat/10.1.24]
2025-04-10 09:58:49 INFO  o.a.c.c.C.[.[localhost].[/newskill] - Initializing Spring embedded WebApplicationContext
2025-04-10 09:58:49 INFO  o.s.b.w.s.c.ServletWebServerApplicationContext - Root WebApplicationContext: initialization completed in 6575 ms
2025-04-10 09:58:50 INFO  o.h.jpa.internal.util.LogHelper - HHH000204: Processing PersistenceUnitInfo [name: default]
2025-04-10 09:58:50 INFO  org.hibernate.Version - HHH000412: Hibernate ORM core version 6.5.2.Final
2025-04-10 09:58:50 INFO  o.h.c.i.RegionFactoryInitiator - HHH000026: Second-level cache disabled
2025-04-10 09:58:51 INFO  o.s.o.j.p.SpringPersistenceUnitInfo - No LoadTimeWeaver setup: ignoring JPA class transformer
2025-04-10 09:58:51 INFO  com.zaxxer.hikari.HikariDataSource - HikariPool-1 - Starting...
2025-04-10 09:58:52 INFO  com.zaxxer.hikari.pool.HikariPool - HikariPool-1 - Added connection com.mysql.cj.jdbc.ConnectionImpl@7f4795c2
2025-04-10 09:58:52 INFO  com.zaxxer.hikari.HikariDataSource - HikariPool-1 - Start completed.
2025-04-10 09:58:52 WARN  org.hibernate.orm.deprecation - HHH90000025: MySQL8Dialect does not need to be specified explicitly using 'hibernate.dialect' (remove the property setting and it will be selected by default)
2025-04-10 09:58:52 WARN  org.hibernate.orm.deprecation - HHH90000026: MySQL8Dialect has been deprecated; use org.hibernate.dialect.MySQLDialect instead
2025-04-10 09:58:57 INFO  o.h.e.t.j.p.i.JtaPlatformInitiator - HHH000489: No JTA platform available (set 'hibernate.transaction.jta.platform' to enable JTA platform integration)
2025-04-10 09:58:57 DEBUG org.hibernate.SQL - 
    alter table advertisements_comp 
       modify column description TEXT
2025-04-10 09:58:57 DEBUG org.hibernate.SQL - 
    alter table college_data4 
       modify column logo mediumblob
2025-04-10 09:58:57 DEBUG org.hibernate.SQL - 
    alter table company_data2 
       modify column about LONGTEXT
2025-04-10 09:58:57 DEBUG org.hibernate.SQL - 
    alter table company_data2 
       modify column logo mediumblob
2025-04-10 09:58:57 DEBUG org.hibernate.SQL - 
    alter table company_drive 
       modify column job_description text
2025-04-10 09:58:57 DEBUG org.hibernate.SQL - 
    alter table question 
       modify column question_text TEXT
2025-04-10 09:58:57 DEBUG org.hibernate.SQL - 
    alter table rating 
       modify column suggestion TEXT
2025-04-10 09:58:57 DEBUG org.hibernate.SQL - 
    alter table recruitment_details 
       modify column job_description text
2025-04-10 09:58:57 DEBUG org.hibernate.SQL - 
    alter table student_data 
       modify column photo mediumblob
2025-04-10 09:58:58 DEBUG org.hibernate.SQL - 
    alter table trainee_payment_details 
       modify column pdf mediumblob
2025-04-10 09:58:58 DEBUG org.hibernate.SQL - 
    alter table user 
       modify column signature mediumblob
2025-04-10 09:58:59 INFO  o.s.o.j.LocalContainerEntityManagerFactoryBean - Initialized JPA EntityManagerFactory for persistence unit 'default'
2025-04-10 09:59:00 INFO  o.s.d.j.r.query.QueryEnhancerFactory - Hibernate is in classpath; If applicable, HQL parser will be used.
2025-04-10 09:59:02 INFO  o.s.s.c.a.a.c.InitializeAuthenticationProviderBeanManagerConfigurer$InitializeAuthenticationProviderManagerConfigurer - Global AuthenticationManager configured with AuthenticationProvider bean with name authenticationProvider
2025-04-10 09:59:02 WARN  o.s.s.c.a.a.c.InitializeUserDetailsBeanManagerConfigurer$InitializeUserDetailsManagerConfigurer - Global AuthenticationManager configured with an AuthenticationProvider bean. UserDetailsService beans will not be used for username/password login. Consider removing the AuthenticationProvider bean. Alternatively, consider using the UserDetailsService in a manually instantiated DaoAuthenticationProvider.
2025-04-10 09:59:04 WARN  o.s.b.a.o.j.JpaBaseConfiguration$JpaWebConfiguration - spring.jpa.open-in-view is enabled by default. Therefore, database queries may be performed during view rendering. Explicitly configure spring.jpa.open-in-view to disable this warning
2025-04-10 09:59:05 INFO  o.s.s.web.DefaultSecurityFilterChain - Will secure any request with [org.springframework.security.web.session.DisableEncodeUrlFilter@18078369, org.springframework.security.web.context.request.async.WebAsyncManagerIntegrationFilter@40e67960, org.springframework.security.web.context.SecurityContextHolderFilter@229b1bf2, org.springframework.security.web.header.HeaderWriterFilter@1a1b3a3a, org.springframework.web.filter.CorsFilter@67917252, org.springframework.security.web.authentication.logout.LogoutFilter@67284ca6, com.skilladmin.config.Jwtvalidator@22c07bf1, org.springframework.security.web.savedrequest.RequestCacheAwareFilter@72f4f172, org.springframework.security.web.servletapi.SecurityContextHolderAwareRequestFilter@419371be, org.springframework.security.web.authentication.AnonymousAuthenticationFilter@caeb0a1, org.springframework.security.web.session.SessionManagementFilter@2a056142, org.springframework.security.web.access.ExceptionTranslationFilter@76d598c7, org.springframework.security.web.access.intercept.AuthorizationFilter@fb0849]
2025-04-10 09:59:06 INFO  o.s.b.d.a.OptionalLiveReloadServer - LiveReload server is running on port 35729
2025-04-10 09:59:06 INFO  o.a.coyote.http11.Http11NioProtocol - Starting ProtocolHandler ["http-nio-8081"]
2025-04-10 09:59:06 INFO  o.s.b.w.e.tomcat.TomcatWebServer - Tomcat started on port 8081 (http) with context path '/newskill'
2025-04-10 09:59:06 INFO  com.skilladmin.DemoApplication - Started DemoApplication in 24.566 seconds (process running for 25.914)
2025-04-10 10:01:21 INFO  o.a.c.c.C.[.[localhost].[/newskill] - Initializing Spring DispatcherServlet 'dispatcherServlet'
2025-04-10 10:01:21 INFO  o.s.web.servlet.DispatcherServlet - Initializing Servlet 'dispatcherServlet'
2025-04-10 10:01:21 INFO  o.s.web.servlet.DispatcherServlet - Completed initialization in 2 ms
2025-04-10 10:01:21 DEBUG org.hibernate.SQL - 
    /* dynamic native SQL query */ SELECT
        u.username,
        r.* 
    FROM
        rating r 
    JOIN
        user u 
            ON r.user_id = u.id 
    ORDER BY
        r.id DESC 
    LIMIT
        5
2025-04-10 10:01:33 DEBUG org.hibernate.SQL - 
    /* dynamic native SQL query */ SELECT
        u.username,
        r.* 
    FROM
        rating r 
    JOIN
        user u 
            ON r.user_id = u.id 
    ORDER BY
        r.id DESC 
    LIMIT
        5
2025-04-10 10:43:37 INFO  o.s.o.j.LocalContainerEntityManagerFactoryBean - Closing JPA EntityManagerFactory for persistence unit 'default'
2025-04-10 10:43:37 INFO  com.zaxxer.hikari.HikariDataSource - HikariPool-1 - Shutdown initiated...
2025-04-10 10:43:47 WARN  com.zaxxer.hikari.pool.HikariPool - Timed-out waiting for close connection executor to shutdown
2025-04-10 10:43:47 INFO  com.zaxxer.hikari.HikariDataSource - HikariPool-1 - Shutdown completed.
2025-04-10 10:43:55 INFO  o.h.validator.internal.util.Version - HV000001: Hibernate Validator 8.0.1.Final
2025-04-10 10:43:56 INFO  com.skilladmin.DemoApplication - Starting DemoApplication using Java 22.0.2 with PID 14708 (C:\Users\panka\OneDrive\Desktop\Skillpilot_new\SkillAdmin\target\classes started by pankaj in C:\Users\panka\OneDrive\Desktop\Skillpilot_new\SkillAdmin)
2025-04-10 10:43:56 INFO  com.skilladmin.DemoApplication - No active profile set, falling back to 1 default profile: "default"
2025-04-10 10:43:56 INFO  o.s.b.d.restart.ChangeableUrls - The Class-Path manifest attribute in C:\Users\panka\.m2\repository\io\grpc\grpc-netty-shaded\1.38.0\grpc-netty-shaded-1.38.0.jar referenced one or more files that do not exist: file:/C:/Users/panka/.m2/repository/io/grpc/grpc-netty-shaded/1.38.0/grpc-core-1.38.0.jar,file:/C:/Users/panka/.m2/repository/io/grpc/grpc-netty-shaded/1.38.0/grpc-api-1.38.0.jar,file:/C:/Users/panka/.m2/repository/io/grpc/grpc-netty-shaded/1.38.0/gson-2.8.6.jar,file:/C:/Users/panka/.m2/repository/io/grpc/grpc-netty-shaded/1.38.0/annotations-4.1.1.4.jar,file:/C:/Users/panka/.m2/repository/io/grpc/grpc-netty-shaded/1.38.0/animal-sniffer-annotations-1.19.jar,file:/C:/Users/panka/.m2/repository/io/grpc/grpc-netty-shaded/1.38.0/error_prone_annotations-2.4.0.jar,file:/C:/Users/panka/.m2/repository/io/grpc/grpc-netty-shaded/1.38.0/guava-30.1-android.jar,file:/C:/Users/panka/.m2/repository/io/grpc/grpc-netty-shaded/1.38.0/perfmark-api-0.23.0.jar,file:/C:/Users/panka/.m2/repository/io/grpc/grpc-netty-shaded/1.38.0/jsr305-3.0.2.jar,file:/C:/Users/panka/.m2/repository/io/grpc/grpc-netty-shaded/1.38.0/grpc-context-1.38.0.jar,file:/C:/Users/panka/.m2/repository/io/grpc/grpc-netty-shaded/1.38.0/failureaccess-1.0.1.jar,file:/C:/Users/panka/.m2/repository/io/grpc/grpc-netty-shaded/1.38.0/listenablefuture-9999.0-empty-to-avoid-conflict-with-guava.jar,file:/C:/Users/panka/.m2/repository/io/grpc/grpc-netty-shaded/1.38.0/checker-compat-qual-2.5.5.jar,file:/C:/Users/panka/.m2/repository/io/grpc/grpc-netty-shaded/1.38.0/j2objc-annotations-1.3.jar
2025-04-10 10:43:56 INFO  o.s.b.d.restart.ChangeableUrls - The Class-Path manifest attribute in C:\Users\panka\.m2\repository\io\grpc\grpc-alts\1.38.0\grpc-alts-1.38.0.jar referenced one or more files that do not exist: file:/C:/Users/panka/.m2/repository/io/grpc/grpc-alts/1.38.0/grpc-auth-1.38.0.jar,file:/C:/Users/panka/.m2/repository/io/grpc/grpc-alts/1.38.0/grpc-grpclb-1.38.0.jar,file:/C:/Users/panka/.m2/repository/io/grpc/grpc-alts/1.38.0/grpc-protobuf-1.38.0.jar,file:/C:/Users/panka/.m2/repository/io/grpc/grpc-alts/1.38.0/grpc-stub-1.38.0.jar,file:/C:/Users/panka/.m2/repository/io/grpc/grpc-alts/1.38.0/protobuf-java-util-3.12.0.jar,file:/C:/Users/panka/.m2/repository/io/grpc/grpc-alts/1.38.0/protobuf-java-3.12.0.jar,file:/C:/Users/panka/.m2/repository/io/grpc/grpc-alts/1.38.0/conscrypt-openjdk-uber-2.5.1.jar,file:/C:/Users/panka/.m2/repository/io/grpc/grpc-alts/1.38.0/google-auth-library-oauth2-http-0.22.2.jar,file:/C:/Users/panka/.m2/repository/io/grpc/grpc-alts/1.38.0/grpc-netty-shaded-1.38.0.jar,file:/C:/Users/panka/.m2/repository/io/grpc/grpc-alts/1.38.0/grpc-core-1.38.0.jar,file:/C:/Users/panka/.m2/repository/io/grpc/grpc-alts/1.38.0/grpc-protobuf-lite-1.38.0.jar,file:/C:/Users/panka/.m2/repository/io/grpc/grpc-alts/1.38.0/grpc-api-1.38.0.jar,file:/C:/Users/panka/.m2/repository/io/grpc/grpc-alts/1.38.0/guava-30.1-android.jar,file:/C:/Users/panka/.m2/repository/io/grpc/grpc-alts/1.38.0/error_prone_annotations-2.4.0.jar,file:/C:/Users/panka/.m2/repository/io/grpc/grpc-alts/1.38.0/google-auth-library-credentials-0.22.2.jar,file:/C:/Users/panka/.m2/repository/io/grpc/grpc-alts/1.38.0/animal-sniffer-annotations-1.19.jar,file:/C:/Users/panka/.m2/repository/io/grpc/grpc-alts/1.38.0/google-http-client-jackson2-1.38.0.jar,file:/C:/Users/panka/.m2/repository/io/grpc/grpc-alts/1.38.0/google-http-client-1.38.0.jar,file:/C:/Users/panka/.m2/repository/io/grpc/grpc-alts/1.38.0/jsr305-3.0.2.jar,file:/C:/Users/panka/.m2/repository/io/grpc/grpc-alts/1.38.0/grpc-context-1.38.0.jar,file:/C:/Users/panka/.m2/repository/io/grpc/grpc-alts/1.38.0/opencensus-api-0.28.0.jar,file:/C:/Users/panka/.m2/repository/io/grpc/grpc-alts/1.38.0/proto-google-common-protos-2.0.1.jar,file:/C:/Users/panka/.m2/repository/io/grpc/grpc-alts/1.38.0/auto-value-annotations-1.7.4.jar,file:/C:/Users/panka/.m2/repository/io/grpc/grpc-alts/1.38.0/failureaccess-1.0.1.jar,file:/C:/Users/panka/.m2/repository/io/grpc/grpc-alts/1.38.0/listenablefuture-9999.0-empty-to-avoid-conflict-with-guava.jar,file:/C:/Users/panka/.m2/repository/io/grpc/grpc-alts/1.38.0/checker-compat-qual-2.5.5.jar,file:/C:/Users/panka/.m2/repository/io/grpc/grpc-alts/1.38.0/j2objc-annotations-1.3.jar,file:/C:/Users/panka/.m2/repository/io/grpc/grpc-alts/1.38.0/gson-2.8.6.jar,file:/C:/Users/panka/.m2/repository/io/grpc/grpc-alts/1.38.0/annotations-4.1.1.4.jar,file:/C:/Users/panka/.m2/repository/io/grpc/grpc-alts/1.38.0/perfmark-api-0.23.0.jar,file:/C:/Users/panka/.m2/repository/io/grpc/grpc-alts/1.38.0/httpclient-4.5.13.jar,file:/C:/Users/panka/.m2/repository/io/grpc/grpc-alts/1.38.0/httpcore-4.4.13.jar,file:/C:/Users/panka/.m2/repository/io/grpc/grpc-alts/1.38.0/opencensus-contrib-http-util-0.24.0.jar,file:/C:/Users/panka/.m2/repository/io/grpc/grpc-alts/1.38.0/jackson-core-2.11.3.jar,file:/C:/Users/panka/.m2/repository/io/grpc/grpc-alts/1.38.0/commons-logging-1.2.jar,file:/C:/Users/panka/.m2/repository/io/grpc/grpc-alts/1.38.0/commons-codec-1.11.jar
2025-04-10 10:43:56 INFO  o.s.b.d.e.DevToolsPropertyDefaultsPostProcessor - Devtools property defaults active! Set 'spring.devtools.add-properties' to 'false' to disable
2025-04-10 10:43:56 INFO  o.s.b.d.e.DevToolsPropertyDefaultsPostProcessor - For additional web related logging consider setting the 'logging.level.web' property to 'DEBUG'
2025-04-10 10:43:59 INFO  o.s.d.r.c.RepositoryConfigurationDelegate - Bootstrapping Spring Data JPA repositories in DEFAULT mode.
2025-04-10 10:43:59 INFO  o.s.d.r.c.RepositoryConfigurationDelegate - Finished Spring Data repository scanning in 676 ms. Found 55 JPA repository interfaces.
2025-04-10 10:44:00 WARN  o.s.c.s.PostProcessorRegistrationDelegate$BeanPostProcessorChecker - Bean 'org.springframework.ws.config.annotation.DelegatingWsConfiguration' of type [org.springframework.ws.config.annotation.DelegatingWsConfiguration$$SpringCGLIB$$0] is not eligible for getting processed by all BeanPostProcessors (for example: not eligible for auto-proxying). The currently created BeanPostProcessor [annotationActionEndpointMapping] is declared through a non-static factory method on that class; consider declaring it as static instead.
2025-04-10 10:44:01 INFO  o.s.w.s.a.s.AnnotationActionEndpointMapping - Supporting [WS-Addressing August 2004, WS-Addressing 1.0]
2025-04-10 10:44:02 INFO  o.s.b.w.e.tomcat.TomcatWebServer - Tomcat initialized with port 8081 (http)
2025-04-10 10:44:02 INFO  o.a.coyote.http11.Http11NioProtocol - Initializing ProtocolHandler ["http-nio-8081"]
2025-04-10 10:44:02 INFO  o.a.catalina.core.StandardService - Starting service [Tomcat]
2025-04-10 10:44:02 INFO  o.a.catalina.core.StandardEngine - Starting Servlet engine: [Apache Tomcat/10.1.24]
2025-04-10 10:44:02 INFO  o.a.c.c.C.[.[localhost].[/newskill] - Initializing Spring embedded WebApplicationContext
2025-04-10 10:44:02 INFO  o.s.b.w.s.c.ServletWebServerApplicationContext - Root WebApplicationContext: initialization completed in 6183 ms
2025-04-10 10:44:02 INFO  o.h.jpa.internal.util.LogHelper - HHH000204: Processing PersistenceUnitInfo [name: default]
2025-04-10 10:44:03 INFO  org.hibernate.Version - HHH000412: Hibernate ORM core version 6.5.2.Final
2025-04-10 10:44:03 INFO  o.h.c.i.RegionFactoryInitiator - HHH000026: Second-level cache disabled
2025-04-10 10:44:04 INFO  o.s.o.j.p.SpringPersistenceUnitInfo - No LoadTimeWeaver setup: ignoring JPA class transformer
2025-04-10 10:44:04 INFO  com.zaxxer.hikari.HikariDataSource - HikariPool-1 - Starting...
2025-04-10 10:44:05 INFO  com.zaxxer.hikari.pool.HikariPool - HikariPool-1 - Added connection com.mysql.cj.jdbc.ConnectionImpl@820882b
2025-04-10 10:44:05 INFO  com.zaxxer.hikari.HikariDataSource - HikariPool-1 - Start completed.
2025-04-10 10:44:05 WARN  org.hibernate.orm.deprecation - HHH90000025: MySQL8Dialect does not need to be specified explicitly using 'hibernate.dialect' (remove the property setting and it will be selected by default)
2025-04-10 10:44:05 WARN  org.hibernate.orm.deprecation - HHH90000026: MySQL8Dialect has been deprecated; use org.hibernate.dialect.MySQLDialect instead
2025-04-10 10:44:09 INFO  o.h.e.t.j.p.i.JtaPlatformInitiator - HHH000489: No JTA platform available (set 'hibernate.transaction.jta.platform' to enable JTA platform integration)
2025-04-10 10:44:09 DEBUG org.hibernate.SQL - 
    alter table advertisements_comp 
       modify column description TEXT
2025-04-10 10:44:09 DEBUG org.hibernate.SQL - 
    alter table college_data4 
       modify column logo mediumblob
2025-04-10 10:44:09 DEBUG org.hibernate.SQL - 
    alter table company_data2 
       modify column about LONGTEXT
2025-04-10 10:44:09 DEBUG org.hibernate.SQL - 
    alter table company_data2 
       modify column logo mediumblob
2025-04-10 10:44:09 DEBUG org.hibernate.SQL - 
    alter table company_drive 
       modify column job_description text
2025-04-10 10:44:09 DEBUG org.hibernate.SQL - 
    alter table question 
       modify column question_text TEXT
2025-04-10 10:44:09 DEBUG org.hibernate.SQL - 
    alter table rating 
       modify column suggestion TEXT
2025-04-10 10:44:09 DEBUG org.hibernate.SQL - 
    alter table recruitment_details 
       modify column job_description text
2025-04-10 10:44:09 DEBUG org.hibernate.SQL - 
    alter table student_data 
       modify column photo mediumblob
2025-04-10 10:44:10 DEBUG org.hibernate.SQL - 
    alter table trainee_payment_details 
       modify column pdf mediumblob
2025-04-10 10:44:10 DEBUG org.hibernate.SQL - 
    alter table user 
       modify column signature mediumblob
2025-04-10 10:44:11 INFO  o.s.o.j.LocalContainerEntityManagerFactoryBean - Initialized JPA EntityManagerFactory for persistence unit 'default'
2025-04-10 10:44:12 INFO  o.s.d.j.r.query.QueryEnhancerFactory - Hibernate is in classpath; If applicable, HQL parser will be used.
2025-04-10 10:44:15 INFO  o.s.s.c.a.a.c.InitializeAuthenticationProviderBeanManagerConfigurer$InitializeAuthenticationProviderManagerConfigurer - Global AuthenticationManager configured with AuthenticationProvider bean with name authenticationProvider
2025-04-10 10:44:15 WARN  o.s.s.c.a.a.c.InitializeUserDetailsBeanManagerConfigurer$InitializeUserDetailsManagerConfigurer - Global AuthenticationManager configured with an AuthenticationProvider bean. UserDetailsService beans will not be used for username/password login. Consider removing the AuthenticationProvider bean. Alternatively, consider using the UserDetailsService in a manually instantiated DaoAuthenticationProvider.
2025-04-10 10:44:16 WARN  o.s.b.a.o.j.JpaBaseConfiguration$JpaWebConfiguration - spring.jpa.open-in-view is enabled by default. Therefore, database queries may be performed during view rendering. Explicitly configure spring.jpa.open-in-view to disable this warning
2025-04-10 10:44:17 INFO  o.s.s.web.DefaultSecurityFilterChain - Will secure any request with [org.springframework.security.web.session.DisableEncodeUrlFilter@1fb189c0, org.springframework.security.web.context.request.async.WebAsyncManagerIntegrationFilter@6f7ab3b6, org.springframework.security.web.context.SecurityContextHolderFilter@19405a20, org.springframework.security.web.header.HeaderWriterFilter@10697e99, org.springframework.web.filter.CorsFilter@7ce0f154, org.springframework.security.web.authentication.logout.LogoutFilter@623321b4, com.skilladmin.config.Jwtvalidator@1cd9582d, org.springframework.security.web.savedrequest.RequestCacheAwareFilter@19f44a50, org.springframework.security.web.servletapi.SecurityContextHolderAwareRequestFilter@75c568e4, org.springframework.security.web.authentication.AnonymousAuthenticationFilter@58479628, org.springframework.security.web.session.SessionManagementFilter@42cf45c, org.springframework.security.web.access.ExceptionTranslationFilter@4ae337a3, org.springframework.security.web.access.intercept.AuthorizationFilter@28ab0212]
2025-04-10 10:44:18 INFO  o.s.b.d.a.OptionalLiveReloadServer - LiveReload server is running on port 35729
2025-04-10 10:44:18 INFO  o.a.coyote.http11.Http11NioProtocol - Starting ProtocolHandler ["http-nio-8081"]
2025-04-10 10:44:18 INFO  o.s.b.w.e.tomcat.TomcatWebServer - Tomcat started on port 8081 (http) with context path '/newskill'
2025-04-10 10:44:18 INFO  com.skilladmin.DemoApplication - Started DemoApplication in 23.404 seconds (process running for 24.688)
2025-04-10 10:44:25 INFO  o.a.c.c.C.[.[localhost].[/newskill] - Initializing Spring DispatcherServlet 'dispatcherServlet'
2025-04-10 10:44:25 INFO  o.s.web.servlet.DispatcherServlet - Initializing Servlet 'dispatcherServlet'
2025-04-10 10:44:25 INFO  o.s.web.servlet.DispatcherServlet - Completed initialization in 1 ms
2025-04-10 10:44:25 DEBUG org.hibernate.SQL - 
    /* dynamic native SQL query */ SELECT
        u.username,
        r.* 
    FROM
        rating r 
    JOIN
        user u 
            ON r.user_id = u.id 
    ORDER BY
        r.id DESC 
    LIMIT
        5
2025-04-10 10:50:20 INFO  o.s.b.d.a.LocalDevToolsAutoConfiguration$RestartingClassPathChangeChangedEventListener - Restarting due to 281 class path changes (0 additions, 279 deletions, 2 modifications)
2025-04-10 10:50:20 INFO  o.a.coyote.http11.Http11NioProtocol - Stopping ProtocolHandler ["http-nio-8081"]
2025-04-10 10:50:20 INFO  o.s.o.j.LocalContainerEntityManagerFactoryBean - Closing JPA EntityManagerFactory for persistence unit 'default'
2025-04-10 10:50:20 INFO  com.zaxxer.hikari.HikariDataSource - HikariPool-1 - Shutdown initiated...
2025-04-10 10:50:20 INFO  com.zaxxer.hikari.HikariDataSource - HikariPool-1 - Shutdown completed.
2025-04-10 10:50:21 INFO  com.skilladmin.DemoApplication - Starting DemoApplication using Java 22.0.2 with PID 14708 (C:\Users\panka\OneDrive\Desktop\Skillpilot_new\SkillAdmin\target\classes started by pankaj in C:\Users\panka\OneDrive\Desktop\Skillpilot_new\SkillAdmin)
2025-04-10 10:50:21 INFO  com.skilladmin.DemoApplication - No active profile set, falling back to 1 default profile: "default"
2025-04-10 10:50:25 INFO  o.s.d.r.c.RepositoryConfigurationDelegate - Bootstrapping Spring Data JPA repositories in DEFAULT mode.
2025-04-10 10:50:25 INFO  o.s.d.r.c.RepositoryConfigurationDelegate - Finished Spring Data repository scanning in 6 ms. Found 0 JPA repository interfaces.
2025-04-10 10:50:25 WARN  o.s.c.s.PostProcessorRegistrationDelegate$BeanPostProcessorChecker - Bean 'org.springframework.ws.config.annotation.DelegatingWsConfiguration' of type [org.springframework.ws.config.annotation.DelegatingWsConfiguration$$SpringCGLIB$$0] is not eligible for getting processed by all BeanPostProcessors (for example: not eligible for auto-proxying). The currently created BeanPostProcessor [annotationActionEndpointMapping] is declared through a non-static factory method on that class; consider declaring it as static instead.
2025-04-10 10:50:25 INFO  o.s.w.s.a.s.AnnotationActionEndpointMapping - Supporting [WS-Addressing August 2004, WS-Addressing 1.0]
2025-04-10 10:50:25 INFO  o.s.b.w.e.tomcat.TomcatWebServer - Tomcat initialized with port 8081 (http)
2025-04-10 10:50:25 INFO  o.a.coyote.http11.Http11NioProtocol - Initializing ProtocolHandler ["http-nio-8081"]
2025-04-10 10:50:25 INFO  o.a.catalina.core.StandardService - Starting service [Tomcat]
2025-04-10 10:50:25 INFO  o.a.catalina.core.StandardEngine - Starting Servlet engine: [Apache Tomcat/10.1.24]
2025-04-10 10:50:25 INFO  o.a.c.c.C.[.[localhost].[/newskill] - Initializing Spring embedded WebApplicationContext
2025-04-10 10:50:25 INFO  o.s.b.w.s.c.ServletWebServerApplicationContext - Root WebApplicationContext: initialization completed in 4494 ms
2025-04-10 10:50:25 INFO  o.h.jpa.internal.util.LogHelper - HHH000204: Processing PersistenceUnitInfo [name: default]
2025-04-10 10:50:25 INFO  o.h.c.i.RegionFactoryInitiator - HHH000026: Second-level cache disabled
2025-04-10 10:50:25 INFO  o.s.o.j.p.SpringPersistenceUnitInfo - No LoadTimeWeaver setup: ignoring JPA class transformer
2025-04-10 10:50:25 INFO  com.zaxxer.hikari.HikariDataSource - HikariPool-2 - Starting...
2025-04-10 10:50:26 INFO  com.zaxxer.hikari.pool.HikariPool - HikariPool-2 - Added connection com.mysql.cj.jdbc.ConnectionImpl@350f4366
2025-04-10 10:50:26 INFO  com.zaxxer.hikari.HikariDataSource - HikariPool-2 - Start completed.
2025-04-10 10:50:26 WARN  org.hibernate.orm.deprecation - HHH90000025: MySQL8Dialect does not need to be specified explicitly using 'hibernate.dialect' (remove the property setting and it will be selected by default)
2025-04-10 10:50:26 WARN  org.hibernate.orm.deprecation - HHH90000026: MySQL8Dialect has been deprecated; use org.hibernate.dialect.MySQLDialect instead
2025-04-10 10:50:26 INFO  o.h.e.t.j.p.i.JtaPlatformInitiator - HHH000489: No JTA platform available (set 'hibernate.transaction.jta.platform' to enable JTA platform integration)
2025-04-10 10:50:26 INFO  o.s.o.j.LocalContainerEntityManagerFactoryBean - Initialized JPA EntityManagerFactory for persistence unit 'default'
2025-04-10 10:50:26 WARN  o.s.b.a.o.j.JpaBaseConfiguration$JpaWebConfiguration - spring.jpa.open-in-view is enabled by default. Therefore, database queries may be performed during view rendering. Explicitly configure spring.jpa.open-in-view to disable this warning
2025-04-10 10:50:28 WARN  o.s.b.a.s.s.UserDetailsServiceAutoConfiguration - 

Using generated security password: 7c61ca6b-9438-4bf9-a12c-94a45b5b7820

This generated password is for development use only. Your security configuration must be updated before running your application in production.

2025-04-10 10:50:28 INFO  o.s.s.c.a.a.c.InitializeUserDetailsBeanManagerConfigurer$InitializeUserDetailsManagerConfigurer - Global AuthenticationManager configured with UserDetailsService bean with name inMemoryUserDetailsManager
2025-04-10 10:50:28 INFO  o.s.s.web.DefaultSecurityFilterChain - Will secure any request with [org.springframework.security.web.session.DisableEncodeUrlFilter@57683337, org.springframework.security.web.context.request.async.WebAsyncManagerIntegrationFilter@626f874e, org.springframework.security.web.context.SecurityContextHolderFilter@3df7f5bc, org.springframework.security.web.header.HeaderWriterFilter@5cd8186a, org.springframework.web.filter.CorsFilter@4f928dce, org.springframework.security.web.csrf.CsrfFilter@251de7d5, org.springframework.security.web.authentication.logout.LogoutFilter@43f87c93, org.springframework.security.web.authentication.UsernamePasswordAuthenticationFilter@2ae803db, org.springframework.security.web.authentication.ui.DefaultLoginPageGeneratingFilter@4bc49cf8, org.springframework.security.web.authentication.ui.DefaultLogoutPageGeneratingFilter@5e9b9d58, org.springframework.security.web.authentication.www.BasicAuthenticationFilter@2cd7a9e5, org.springframework.security.web.savedrequest.RequestCacheAwareFilter@771e8e98, org.springframework.security.web.servletapi.SecurityContextHolderAwareRequestFilter@57c3d522, org.springframework.security.web.authentication.AnonymousAuthenticationFilter@487cfc37, org.springframework.security.web.access.ExceptionTranslationFilter@557ea071, org.springframework.security.web.access.intercept.AuthorizationFilter@17ba1871]
2025-04-10 10:50:28 INFO  o.s.b.d.a.OptionalLiveReloadServer - LiveReload server is running on port 35729
2025-04-10 10:50:28 INFO  o.a.coyote.http11.Http11NioProtocol - Starting ProtocolHandler ["http-nio-8081"]
2025-04-10 10:50:28 INFO  o.s.b.w.e.tomcat.TomcatWebServer - Tomcat started on port 8081 (http) with context path '/newskill'
2025-04-10 10:50:28 INFO  com.skilladmin.DemoApplication - Started DemoApplication in 7.523 seconds (process running for 395.031)
2025-04-10 10:50:28 INFO  o.s.b.d.a.ConditionEvaluationDeltaLoggingListener - Condition evaluation delta:


==========================
CONDITION EVALUATION DELTA
==========================


Positive matches:
-----------------

   SpringBootWebSecurityConfiguration.SecurityFilterChainConfiguration matched:
      - AllNestedConditions 2 matched 0 did not; NestedCondition on DefaultWebSecurityCondition.Beans @ConditionalOnMissingBean (types: org.springframework.security.web.SecurityFilterChain; SearchStrategy: all) did not find any beans; NestedCondition on DefaultWebSecurityCondition.Classes @ConditionalOnClass found required classes 'org.springframework.security.web.SecurityFilterChain', 'org.springframework.security.config.annotation.web.builders.HttpSecurity' (DefaultWebSecurityCondition)

   UserDetailsServiceAutoConfiguration matched:
      - @ConditionalOnClass found required class 'org.springframework.security.authentication.AuthenticationManager' (OnClassCondition)
      - AnyNestedCondition 1 matched 2 did not; NestedCondition on UserDetailsServiceAutoConfiguration.MissingAlternativeOrUserPropertiesConfigured.PasswordConfigured @ConditionalOnProperty (spring.security.user.password) did not find property 'password'; NestedCondition on UserDetailsServiceAutoConfiguration.MissingAlternativeOrUserPropertiesConfigured.NameConfigured @ConditionalOnProperty (spring.security.user.name) did not find property 'name'; NestedCondition on UserDetailsServiceAutoConfiguration.MissingAlternativeOrUserPropertiesConfigured.MissingAlternative @ConditionalOnMissingClass did not find unwanted classes 'org.springframework.security.oauth2.client.registration.ClientRegistrationRepository', 'org.springframework.security.oauth2.server.resource.introspection.OpaqueTokenIntrospector', 'org.springframework.security.saml2.provider.service.registration.RelyingPartyRegistrationRepository' (UserDetailsServiceAutoConfiguration.MissingAlternativeOrUserPropertiesConfigured)
      - @ConditionalOnBean (types: org.springframework.security.config.annotation.ObjectPostProcessor; SearchStrategy: all) found bean 'objectPostProcessor'; @ConditionalOnMissingBean (types: org.springframework.security.authentication.AuthenticationManager,org.springframework.security.authentication.AuthenticationProvider,org.springframework.security.core.userdetails.UserDetailsService,org.springframework.security.authentication.AuthenticationManagerResolver,org.springframework.security.oauth2.jwt.JwtDecoder; SearchStrategy: all) did not find any beans (OnBeanCondition)


Negative matches:
-----------------

    None


Exclusions:
-----------

    None


Unconditional classes:
----------------------

    None



2025-04-10 10:50:43 INFO  o.s.b.d.a.LocalDevToolsAutoConfiguration$RestartingClassPathChangeChangedEventListener - Restarting due to 277 class path changes (277 additions, 0 deletions, 0 modifications)
2025-04-10 10:50:43 INFO  o.a.coyote.http11.Http11NioProtocol - Stopping ProtocolHandler ["http-nio-8081"]
2025-04-10 10:50:44 INFO  o.s.o.j.LocalContainerEntityManagerFactoryBean - Closing JPA EntityManagerFactory for persistence unit 'default'
2025-04-10 10:50:44 INFO  com.zaxxer.hikari.HikariDataSource - HikariPool-2 - Shutdown initiated...
2025-04-10 10:50:44 INFO  com.zaxxer.hikari.HikariDataSource - HikariPool-2 - Shutdown completed.
2025-04-10 10:50:44 INFO  com.skilladmin.DemoApplication - Starting DemoApplication using Java 22.0.2 with PID 14708 (C:\Users\panka\OneDrive\Desktop\Skillpilot_new\SkillAdmin\target\classes started by pankaj in C:\Users\panka\OneDrive\Desktop\Skillpilot_new\SkillAdmin)
2025-04-10 10:50:44 INFO  com.skilladmin.DemoApplication - No active profile set, falling back to 1 default profile: "default"
2025-04-10 10:50:48 INFO  o.s.d.r.c.RepositoryConfigurationDelegate - Bootstrapping Spring Data JPA repositories in DEFAULT mode.
2025-04-10 10:50:48 INFO  o.s.d.r.c.RepositoryConfigurationDelegate - Finished Spring Data repository scanning in 576 ms. Found 55 JPA repository interfaces.
2025-04-10 10:50:49 WARN  o.s.c.s.PostProcessorRegistrationDelegate$BeanPostProcessorChecker - Bean 'org.springframework.ws.config.annotation.DelegatingWsConfiguration' of type [org.springframework.ws.config.annotation.DelegatingWsConfiguration$$SpringCGLIB$$0] is not eligible for getting processed by all BeanPostProcessors (for example: not eligible for auto-proxying). The currently created BeanPostProcessor [annotationActionEndpointMapping] is declared through a non-static factory method on that class; consider declaring it as static instead.
2025-04-10 10:50:49 INFO  o.s.w.s.a.s.AnnotationActionEndpointMapping - Supporting [WS-Addressing August 2004, WS-Addressing 1.0]
2025-04-10 10:50:49 INFO  o.s.b.w.e.tomcat.TomcatWebServer - Tomcat initialized with port 8081 (http)
2025-04-10 10:50:49 INFO  o.a.coyote.http11.Http11NioProtocol - Initializing ProtocolHandler ["http-nio-8081"]
2025-04-10 10:50:49 INFO  o.a.catalina.core.StandardService - Starting service [Tomcat]
2025-04-10 10:50:49 INFO  o.a.catalina.core.StandardEngine - Starting Servlet engine: [Apache Tomcat/10.1.24]
2025-04-10 10:50:49 INFO  o.a.c.c.C.[.[localhost].[/newskill] - Initializing Spring embedded WebApplicationContext
2025-04-10 10:50:49 INFO  o.s.b.w.s.c.ServletWebServerApplicationContext - Root WebApplicationContext: initialization completed in 4958 ms
2025-04-10 10:50:50 INFO  o.h.jpa.internal.util.LogHelper - HHH000204: Processing PersistenceUnitInfo [name: default]
2025-04-10 10:50:50 INFO  o.h.c.i.RegionFactoryInitiator - HHH000026: Second-level cache disabled
2025-04-10 10:50:50 INFO  o.s.o.j.p.SpringPersistenceUnitInfo - No LoadTimeWeaver setup: ignoring JPA class transformer
2025-04-10 10:50:50 INFO  com.zaxxer.hikari.HikariDataSource - HikariPool-3 - Starting...
2025-04-10 10:50:50 INFO  com.zaxxer.hikari.pool.HikariPool - HikariPool-3 - Added connection com.mysql.cj.jdbc.ConnectionImpl@160b1af0
2025-04-10 10:50:50 INFO  com.zaxxer.hikari.HikariDataSource - HikariPool-3 - Start completed.
2025-04-10 10:50:50 WARN  org.hibernate.orm.deprecation - HHH90000025: MySQL8Dialect does not need to be specified explicitly using 'hibernate.dialect' (remove the property setting and it will be selected by default)
2025-04-10 10:50:50 WARN  org.hibernate.orm.deprecation - HHH90000026: MySQL8Dialect has been deprecated; use org.hibernate.dialect.MySQLDialect instead
2025-04-10 10:50:54 INFO  o.h.e.t.j.p.i.JtaPlatformInitiator - HHH000489: No JTA platform available (set 'hibernate.transaction.jta.platform' to enable JTA platform integration)
2025-04-10 10:50:55 DEBUG org.hibernate.SQL - 
    alter table advertisements_comp 
       modify column description TEXT
2025-04-10 10:50:55 DEBUG org.hibernate.SQL - 
    alter table college_data4 
       modify column logo mediumblob
2025-04-10 10:50:55 DEBUG org.hibernate.SQL - 
    alter table company_data2 
       modify column about LONGTEXT
2025-04-10 10:50:55 DEBUG org.hibernate.SQL - 
    alter table company_data2 
       modify column logo mediumblob
2025-04-10 10:50:55 DEBUG org.hibernate.SQL - 
    alter table company_drive 
       modify column job_description text
2025-04-10 10:50:55 DEBUG org.hibernate.SQL - 
    alter table question 
       modify column question_text TEXT
2025-04-10 10:50:55 DEBUG org.hibernate.SQL - 
    alter table rating 
       modify column suggestion TEXT
2025-04-10 10:50:55 DEBUG org.hibernate.SQL - 
    alter table recruitment_details 
       modify column job_description text
2025-04-10 10:50:56 DEBUG org.hibernate.SQL - 
    alter table student_data 
       modify column photo mediumblob
2025-04-10 10:50:56 DEBUG org.hibernate.SQL - 
    alter table trainee_payment_details 
       modify column pdf mediumblob
2025-04-10 10:50:56 DEBUG org.hibernate.SQL - 
    alter table user 
       modify column signature mediumblob
2025-04-10 10:50:56 INFO  o.h.validator.internal.util.Version - HV000001: Hibernate Validator 8.0.1.Final
2025-04-10 10:50:56 WARN  o.s.b.t.j.DuplicateJsonObjectContextCustomizerFactory$DuplicateJsonObjectContextCustomizer - 

Found multiple occurrences of org.json.JSONObject on the class path:

	jar:file:/C:/Users/panka/.m2/repository/com/vaadin/external/google/android-json/0.0.20131108.vaadin1/android-json-0.0.20131108.vaadin1.jar!/org/json/JSONObject.class
	jar:file:/C:/Users/panka/.m2/repository/org/json/json/20090211/json-20090211.jar!/org/json/JSONObject.class

You may wish to exclude one of them to ensure predictable runtime behavior

2025-04-10 10:50:56 INFO  com.skilladmin.DemoApplicationTests - Starting DemoApplicationTests using Java 17.0.1 with PID 5832 (started by pankaj in C:\Users\panka\OneDrive\Desktop\Skillpilot_new\SkillAdmin)
2025-04-10 10:50:56 INFO  com.skilladmin.DemoApplicationTests - No active profile set, falling back to 1 default profile: "default"
2025-04-10 10:50:59 INFO  o.s.o.j.LocalContainerEntityManagerFactoryBean - Initialized JPA EntityManagerFactory for persistence unit 'default'
2025-04-10 10:50:59 INFO  o.s.d.r.c.RepositoryConfigurationDelegate - Bootstrapping Spring Data JPA repositories in DEFAULT mode.
2025-04-10 10:51:00 INFO  o.s.d.r.c.RepositoryConfigurationDelegate - Finished Spring Data repository scanning in 1050 ms. Found 55 JPA repository interfaces.
2025-04-10 10:51:02 WARN  o.s.c.s.PostProcessorRegistrationDelegate$BeanPostProcessorChecker - Bean 'org.springframework.ws.config.annotation.DelegatingWsConfiguration' of type [org.springframework.ws.config.annotation.DelegatingWsConfiguration$$SpringCGLIB$$0] is not eligible for getting processed by all BeanPostProcessors (for example: not eligible for auto-proxying). The currently created BeanPostProcessor [annotationActionEndpointMapping] is declared through a non-static factory method on that class; consider declaring it as static instead.
2025-04-10 10:51:02 INFO  o.s.w.s.a.s.AnnotationActionEndpointMapping - Supporting [WS-Addressing August 2004, WS-Addressing 1.0]
2025-04-10 10:51:03 INFO  o.h.jpa.internal.util.LogHelper - HHH000204: Processing PersistenceUnitInfo [name: default]
2025-04-10 10:51:03 INFO  org.hibernate.Version - HHH000412: Hibernate ORM core version 6.5.2.Final
2025-04-10 10:51:03 INFO  o.h.c.i.RegionFactoryInitiator - HHH000026: Second-level cache disabled
2025-04-10 10:51:05 INFO  o.s.o.j.p.SpringPersistenceUnitInfo - No LoadTimeWeaver setup: ignoring JPA class transformer
2025-04-10 10:51:05 INFO  com.zaxxer.hikari.HikariDataSource - HikariPool-1 - Starting...
2025-04-10 10:51:05 INFO  o.s.s.c.a.a.c.InitializeAuthenticationProviderBeanManagerConfigurer$InitializeAuthenticationProviderManagerConfigurer - Global AuthenticationManager configured with AuthenticationProvider bean with name authenticationProvider
2025-04-10 10:51:05 WARN  o.s.s.c.a.a.c.InitializeUserDetailsBeanManagerConfigurer$InitializeUserDetailsManagerConfigurer - Global AuthenticationManager configured with an AuthenticationProvider bean. UserDetailsService beans will not be used for username/password login. Consider removing the AuthenticationProvider bean. Alternatively, consider using the UserDetailsService in a manually instantiated DaoAuthenticationProvider.
2025-04-10 10:51:06 INFO  com.zaxxer.hikari.pool.HikariPool - HikariPool-1 - Added connection com.mysql.cj.jdbc.ConnectionImpl@1aca6dc3
2025-04-10 10:51:06 INFO  com.zaxxer.hikari.HikariDataSource - HikariPool-1 - Start completed.
2025-04-10 10:51:06 WARN  org.hibernate.orm.deprecation - HHH90000025: MySQL8Dialect does not need to be specified explicitly using 'hibernate.dialect' (remove the property setting and it will be selected by default)
2025-04-10 10:51:06 WARN  org.hibernate.orm.deprecation - HHH90000026: MySQL8Dialect has been deprecated; use org.hibernate.dialect.MySQLDialect instead
2025-04-10 10:51:08 WARN  o.s.b.a.o.j.JpaBaseConfiguration$JpaWebConfiguration - spring.jpa.open-in-view is enabled by default. Therefore, database queries may be performed during view rendering. Explicitly configure spring.jpa.open-in-view to disable this warning
2025-04-10 10:51:08 INFO  o.s.s.web.DefaultSecurityFilterChain - Will secure any request with [org.springframework.security.web.session.DisableEncodeUrlFilter@6b62d4f1, org.springframework.security.web.context.request.async.WebAsyncManagerIntegrationFilter@1fb5b0a5, org.springframework.security.web.context.SecurityContextHolderFilter@32f8f0d6, org.springframework.security.web.header.HeaderWriterFilter@131ae9b, org.springframework.web.filter.CorsFilter@59f4ea2d, org.springframework.security.web.authentication.logout.LogoutFilter@76704a62, com.skilladmin.config.Jwtvalidator@45ef3401, org.springframework.security.web.savedrequest.RequestCacheAwareFilter@6708e92, org.springframework.security.web.servletapi.SecurityContextHolderAwareRequestFilter@ab9bdb1, org.springframework.security.web.authentication.AnonymousAuthenticationFilter@4382fcd8, org.springframework.security.web.session.SessionManagementFilter@2ed4f3ee, org.springframework.security.web.access.ExceptionTranslationFilter@655a3cdf, org.springframework.security.web.access.intercept.AuthorizationFilter@33e5213a]
2025-04-10 10:51:09 INFO  o.s.b.d.a.OptionalLiveReloadServer - LiveReload server is running on port 35729
2025-04-10 10:51:09 INFO  o.a.coyote.http11.Http11NioProtocol - Starting ProtocolHandler ["http-nio-8081"]
2025-04-10 10:51:09 INFO  o.s.b.w.e.tomcat.TomcatWebServer - Tomcat started on port 8081 (http) with context path '/newskill'
2025-04-10 10:51:09 INFO  com.skilladmin.DemoApplication - Started DemoApplication in 25.092 seconds (process running for 436.013)
2025-04-10 10:51:09 INFO  o.s.b.d.a.ConditionEvaluationDeltaLoggingListener - Condition evaluation delta:


==========================
CONDITION EVALUATION DELTA
==========================


Positive matches:
-----------------

    None


Negative matches:
-----------------

   SpringBootWebSecurityConfiguration.SecurityFilterChainConfiguration:
      Did not match:
         - AllNestedConditions 1 matched 1 did not; NestedCondition on DefaultWebSecurityCondition.Beans @ConditionalOnMissingBean (types: org.springframework.security.web.SecurityFilterChain; SearchStrategy: all) found beans of type 'org.springframework.security.web.SecurityFilterChain' securityFilterChain; NestedCondition on DefaultWebSecurityCondition.Classes @ConditionalOnClass found required classes 'org.springframework.security.web.SecurityFilterChain', 'org.springframework.security.config.annotation.web.builders.HttpSecurity' (DefaultWebSecurityCondition)

   UserDetailsServiceAutoConfiguration:
      Did not match:
         - @ConditionalOnMissingBean (types: org.springframework.security.authentication.AuthenticationManager,org.springframework.security.authentication.AuthenticationProvider,org.springframework.security.core.userdetails.UserDetailsService,org.springframework.security.authentication.AuthenticationManagerResolver,org.springframework.security.oauth2.jwt.JwtDecoder; SearchStrategy: all) found beans of type 'org.springframework.security.authentication.AuthenticationManager' authenticationManager and found beans of type 'org.springframework.security.core.userdetails.UserDetailsService' trainingUserSerImpl, userServiceImpl and found beans of type 'org.springframework.security.authentication.AuthenticationProvider' authenticationProvider (OnBeanCondition)
      Matched:
         - @ConditionalOnClass found required class 'org.springframework.security.authentication.AuthenticationManager' (OnClassCondition)
         - AnyNestedCondition 1 matched 2 did not; NestedCondition on UserDetailsServiceAutoConfiguration.MissingAlternativeOrUserPropertiesConfigured.PasswordConfigured @ConditionalOnProperty (spring.security.user.password) did not find property 'password'; NestedCondition on UserDetailsServiceAutoConfiguration.MissingAlternativeOrUserPropertiesConfigured.NameConfigured @ConditionalOnProperty (spring.security.user.name) did not find property 'name'; NestedCondition on UserDetailsServiceAutoConfiguration.MissingAlternativeOrUserPropertiesConfigured.MissingAlternative @ConditionalOnMissingClass did not find unwanted classes 'org.springframework.security.oauth2.client.registration.ClientRegistrationRepository', 'org.springframework.security.oauth2.server.resource.introspection.OpaqueTokenIntrospector', 'org.springframework.security.saml2.provider.service.registration.RelyingPartyRegistrationRepository' (UserDetailsServiceAutoConfiguration.MissingAlternativeOrUserPropertiesConfigured)


Exclusions:
-----------

    None


Unconditional classes:
----------------------

    None



2025-04-10 10:51:12 INFO  o.h.e.t.j.p.i.JtaPlatformInitiator - HHH000489: No JTA platform available (set 'hibernate.transaction.jta.platform' to enable JTA platform integration)
2025-04-10 10:51:12 DEBUG org.hibernate.SQL - 
    alter table advertisements_comp 
       modify column description TEXT
2025-04-10 10:51:12 DEBUG org.hibernate.SQL - 
    alter table college_data4 
       modify column logo mediumblob
2025-04-10 10:51:12 DEBUG org.hibernate.SQL - 
    alter table company_data2 
       modify column about LONGTEXT
2025-04-10 10:51:12 DEBUG org.hibernate.SQL - 
    alter table company_data2 
       modify column logo mediumblob
2025-04-10 10:51:12 DEBUG org.hibernate.SQL - 
    alter table company_drive 
       modify column job_description text
2025-04-10 10:51:12 DEBUG org.hibernate.SQL - 
    alter table question 
       modify column question_text TEXT
2025-04-10 10:51:12 DEBUG org.hibernate.SQL - 
    alter table rating 
       modify column suggestion TEXT
2025-04-10 10:51:12 DEBUG org.hibernate.SQL - 
    alter table recruitment_details 
       modify column job_description text
2025-04-10 10:51:13 DEBUG org.hibernate.SQL - 
    alter table student_data 
       modify column photo mediumblob
2025-04-10 10:51:13 DEBUG org.hibernate.SQL - 
    alter table trainee_payment_details 
       modify column pdf mediumblob
2025-04-10 10:51:13 DEBUG org.hibernate.SQL - 
    alter table user 
       modify column signature mediumblob
2025-04-10 10:51:14 INFO  o.s.o.j.LocalContainerEntityManagerFactoryBean - Initialized JPA EntityManagerFactory for persistence unit 'default'
2025-04-10 10:51:15 INFO  o.s.d.j.r.query.QueryEnhancerFactory - Hibernate is in classpath; If applicable, HQL parser will be used.
2025-04-10 10:51:18 INFO  o.s.s.c.a.a.c.InitializeAuthenticationProviderBeanManagerConfigurer$InitializeAuthenticationProviderManagerConfigurer - Global AuthenticationManager configured with AuthenticationProvider bean with name authenticationProvider
2025-04-10 10:51:18 WARN  o.s.s.c.a.a.c.InitializeUserDetailsBeanManagerConfigurer$InitializeUserDetailsManagerConfigurer - Global AuthenticationManager configured with an AuthenticationProvider bean. UserDetailsService beans will not be used for username/password login. Consider removing the AuthenticationProvider bean. Alternatively, consider using the UserDetailsService in a manually instantiated DaoAuthenticationProvider.
2025-04-10 10:51:20 WARN  o.s.b.a.o.j.JpaBaseConfiguration$JpaWebConfiguration - spring.jpa.open-in-view is enabled by default. Therefore, database queries may be performed during view rendering. Explicitly configure spring.jpa.open-in-view to disable this warning
2025-04-10 10:51:22 INFO  o.s.s.web.DefaultSecurityFilterChain - Will secure any request with [org.springframework.security.web.session.DisableEncodeUrlFilter@249301ad, org.springframework.security.web.context.request.async.WebAsyncManagerIntegrationFilter@6b2ac36e, org.springframework.security.web.context.SecurityContextHolderFilter@503e7f43, org.springframework.security.web.header.HeaderWriterFilter@149b10e7, org.springframework.web.filter.CorsFilter@3d9d761, org.springframework.security.web.authentication.logout.LogoutFilter@14335c47, com.skilladmin.config.Jwtvalidator@7f31e2fb, org.springframework.security.web.savedrequest.RequestCacheAwareFilter@6ce949b8, org.springframework.security.web.servletapi.SecurityContextHolderAwareRequestFilter@37e4b21b, org.springframework.security.web.authentication.AnonymousAuthenticationFilter@1aa16132, org.springframework.security.web.session.SessionManagementFilter@4a047722, org.springframework.security.web.access.ExceptionTranslationFilter@6599066, org.springframework.security.web.access.intercept.AuthorizationFilter@66353861]
2025-04-10 10:51:23 INFO  com.skilladmin.DemoApplicationTests - Started DemoApplicationTests in 28.11 seconds (process running for 33.345)
2025-04-10 10:51:25 INFO  o.s.o.j.LocalContainerEntityManagerFactoryBean - Closing JPA EntityManagerFactory for persistence unit 'default'
2025-04-10 10:51:25 INFO  com.zaxxer.hikari.HikariDataSource - HikariPool-1 - Shutdown initiated...
2025-04-10 10:51:25 INFO  com.zaxxer.hikari.HikariDataSource - HikariPool-1 - Shutdown completed.
2025-04-10 10:51:43 INFO  o.s.b.d.a.LocalDevToolsAutoConfiguration$RestartingClassPathChangeChangedEventListener - Restarting due to 8 class path changes (2 additions, 0 deletions, 6 modifications)
2025-04-10 10:51:43 INFO  o.a.coyote.http11.Http11NioProtocol - Stopping ProtocolHandler ["http-nio-8081"]
2025-04-10 10:51:43 INFO  o.s.o.j.LocalContainerEntityManagerFactoryBean - Closing JPA EntityManagerFactory for persistence unit 'default'
2025-04-10 10:51:43 INFO  com.zaxxer.hikari.HikariDataSource - HikariPool-3 - Shutdown initiated...
2025-04-10 10:51:44 INFO  com.zaxxer.hikari.HikariDataSource - HikariPool-3 - Shutdown completed.
2025-04-10 10:51:44 INFO  com.skilladmin.DemoApplication - Starting DemoApplication using Java 22.0.2 with PID 14708 (C:\Users\panka\OneDrive\Desktop\Skillpilot_new\SkillAdmin\target\classes started by pankaj in C:\Users\panka\OneDrive\Desktop\Skillpilot_new\SkillAdmin)
2025-04-10 10:51:44 INFO  com.skilladmin.DemoApplication - No active profile set, falling back to 1 default profile: "default"
2025-04-10 10:51:45 INFO  o.s.d.r.c.RepositoryConfigurationDelegate - Bootstrapping Spring Data JPA repositories in DEFAULT mode.
2025-04-10 10:51:46 INFO  o.s.d.r.c.RepositoryConfigurationDelegate - Finished Spring Data repository scanning in 1149 ms. Found 55 JPA repository interfaces.
2025-04-10 10:51:47 WARN  o.s.c.s.PostProcessorRegistrationDelegate$BeanPostProcessorChecker - Bean 'org.springframework.ws.config.annotation.DelegatingWsConfiguration' of type [org.springframework.ws.config.annotation.DelegatingWsConfiguration$$SpringCGLIB$$0] is not eligible for getting processed by all BeanPostProcessors (for example: not eligible for auto-proxying). The currently created BeanPostProcessor [annotationActionEndpointMapping] is declared through a non-static factory method on that class; consider declaring it as static instead.
2025-04-10 10:51:47 INFO  o.s.w.s.a.s.AnnotationActionEndpointMapping - Supporting [WS-Addressing August 2004, WS-Addressing 1.0]
2025-04-10 10:51:47 INFO  o.s.b.w.e.tomcat.TomcatWebServer - Tomcat initialized with port 8081 (http)
2025-04-10 10:51:47 INFO  o.a.coyote.http11.Http11NioProtocol - Initializing ProtocolHandler ["http-nio-8081"]
2025-04-10 10:51:47 INFO  o.a.catalina.core.StandardService - Starting service [Tomcat]
2025-04-10 10:51:47 INFO  o.a.catalina.core.StandardEngine - Starting Servlet engine: [Apache Tomcat/10.1.24]
2025-04-10 10:51:47 INFO  o.a.c.c.C.[.[localhost].[/newskill] - Initializing Spring embedded WebApplicationContext
2025-04-10 10:51:47 INFO  o.s.b.w.s.c.ServletWebServerApplicationContext - Root WebApplicationContext: initialization completed in 3522 ms
2025-04-10 10:51:48 INFO  o.h.jpa.internal.util.LogHelper - HHH000204: Processing PersistenceUnitInfo [name: default]
2025-04-10 10:51:48 INFO  o.h.c.i.RegionFactoryInitiator - HHH000026: Second-level cache disabled
2025-04-10 10:51:48 INFO  o.s.o.j.p.SpringPersistenceUnitInfo - No LoadTimeWeaver setup: ignoring JPA class transformer
2025-04-10 10:51:48 INFO  com.zaxxer.hikari.HikariDataSource - HikariPool-4 - Starting...
2025-04-10 10:51:48 INFO  com.zaxxer.hikari.pool.HikariPool - HikariPool-4 - Added connection com.mysql.cj.jdbc.ConnectionImpl@3b0962e4
2025-04-10 10:51:48 INFO  com.zaxxer.hikari.HikariDataSource - HikariPool-4 - Start completed.
2025-04-10 10:51:48 WARN  org.hibernate.orm.deprecation - HHH90000025: MySQL8Dialect does not need to be specified explicitly using 'hibernate.dialect' (remove the property setting and it will be selected by default)
2025-04-10 10:51:48 WARN  org.hibernate.orm.deprecation - HHH90000026: MySQL8Dialect has been deprecated; use org.hibernate.dialect.MySQLDialect instead
2025-04-10 10:51:50 INFO  o.h.e.t.j.p.i.JtaPlatformInitiator - HHH000489: No JTA platform available (set 'hibernate.transaction.jta.platform' to enable JTA platform integration)
2025-04-10 10:51:50 DEBUG org.hibernate.SQL - 
    alter table advertisements_comp 
       modify column description TEXT
2025-04-10 10:51:50 DEBUG org.hibernate.SQL - 
    alter table college_data4 
       modify column logo mediumblob
2025-04-10 10:51:50 DEBUG org.hibernate.SQL - 
    alter table company_data2 
       modify column about LONGTEXT
2025-04-10 10:51:50 DEBUG org.hibernate.SQL - 
    alter table company_data2 
       modify column logo mediumblob
2025-04-10 10:51:50 DEBUG org.hibernate.SQL - 
    alter table company_drive 
       modify column job_description text
2025-04-10 10:51:50 DEBUG org.hibernate.SQL - 
    alter table question 
       modify column question_text TEXT
2025-04-10 10:51:51 DEBUG org.hibernate.SQL - 
    alter table rating 
       modify column suggestion TEXT
2025-04-10 10:51:51 DEBUG org.hibernate.SQL - 
    alter table recruitment_details 
       modify column job_description text
2025-04-10 10:51:51 DEBUG org.hibernate.SQL - 
    alter table student_data 
       modify column photo mediumblob
2025-04-10 10:51:51 DEBUG org.hibernate.SQL - 
    alter table trainee_payment_details 
       modify column pdf mediumblob
2025-04-10 10:51:51 DEBUG org.hibernate.SQL - 
    alter table user 
       modify column signature mediumblob
2025-04-10 10:51:52 INFO  o.s.o.j.LocalContainerEntityManagerFactoryBean - Initialized JPA EntityManagerFactory for persistence unit 'default'
2025-04-10 10:51:53 INFO  o.s.s.c.a.a.c.InitializeAuthenticationProviderBeanManagerConfigurer$InitializeAuthenticationProviderManagerConfigurer - Global AuthenticationManager configured with AuthenticationProvider bean with name authenticationProvider
2025-04-10 10:51:53 WARN  o.s.s.c.a.a.c.InitializeUserDetailsBeanManagerConfigurer$InitializeUserDetailsManagerConfigurer - Global AuthenticationManager configured with an AuthenticationProvider bean. UserDetailsService beans will not be used for username/password login. Consider removing the AuthenticationProvider bean. Alternatively, consider using the UserDetailsService in a manually instantiated DaoAuthenticationProvider.
2025-04-10 10:51:54 WARN  o.s.b.a.o.j.JpaBaseConfiguration$JpaWebConfiguration - spring.jpa.open-in-view is enabled by default. Therefore, database queries may be performed during view rendering. Explicitly configure spring.jpa.open-in-view to disable this warning
2025-04-10 10:51:54 INFO  o.s.s.web.DefaultSecurityFilterChain - Will secure any request with [org.springframework.security.web.session.DisableEncodeUrlFilter@4c1d5136, org.springframework.security.web.context.request.async.WebAsyncManagerIntegrationFilter@33a0e5fb, org.springframework.security.web.context.SecurityContextHolderFilter@2c12f552, org.springframework.security.web.header.HeaderWriterFilter@5e0a0674, org.springframework.web.filter.CorsFilter@286dba74, org.springframework.security.web.authentication.logout.LogoutFilter@24fb6721, com.skilladmin.config.Jwtvalidator@1b42a54e, org.springframework.security.web.savedrequest.RequestCacheAwareFilter@70c45812, org.springframework.security.web.servletapi.SecurityContextHolderAwareRequestFilter@7e73d9d8, org.springframework.security.web.authentication.AnonymousAuthenticationFilter@3ea0610c, org.springframework.security.web.session.SessionManagementFilter@6bc1457a, org.springframework.security.web.access.ExceptionTranslationFilter@311db2f0, org.springframework.security.web.access.intercept.AuthorizationFilter@16701560]
2025-04-10 10:51:54 INFO  o.s.b.d.a.OptionalLiveReloadServer - LiveReload server is running on port 35729
2025-04-10 10:51:54 INFO  o.a.coyote.http11.Http11NioProtocol - Starting ProtocolHandler ["http-nio-8081"]
2025-04-10 10:51:54 INFO  o.s.b.w.e.tomcat.TomcatWebServer - Tomcat started on port 8081 (http) with context path '/newskill'
2025-04-10 10:51:54 INFO  com.skilladmin.DemoApplication - Started DemoApplication in 10.114 seconds (process running for 480.74)
2025-04-10 10:51:54 INFO  o.s.b.d.a.ConditionEvaluationDeltaLoggingListener - Condition evaluation unchanged
2025-04-10 11:49:38 WARN  com.zaxxer.hikari.pool.HikariPool - HikariPool-4 - Thread starvation or clock leap detected (housekeeper delta=34m49s450ms962s900ns).
